{
  level: 'error',
  message: 'Error adding product',
  error: TypeError: dbModel.insertOne is not a function
      at Object.addProduct (file:///run/media/adrianabadin/code/3eraEntregaDF/services/ProductsDao.js:25:71)
      at file:///run/media/adrianabadin/code/3eraEntregaDF/src/routes/addproduct.js:10:5
      at Layer.handle [as handle_request] (/run/media/adrianabadin/code/3eraEntregaDF/node_modules/express/lib/router/layer.js:95:5)
      at next (/run/media/adrianabadin/code/3eraEntregaDF/node_modules/express/lib/router/route.js:144:13)
      at Route.dispatch (/run/media/adrianabadin/code/3eraEntregaDF/node_modules/express/lib/router/route.js:114:3)
      at Layer.handle [as handle_request] (/run/media/adrianabadin/code/3eraEntregaDF/node_modules/express/lib/router/layer.js:95:5)
      at /run/media/adrianabadin/code/3eraEntregaDF/node_modules/express/lib/router/index.js:284:15
      at Function.process_params (/run/media/adrianabadin/code/3eraEntregaDF/node_modules/express/lib/router/index.js:346:12)
      at next (/run/media/adrianabadin/code/3eraEntregaDF/node_modules/express/lib/router/index.js:280:10)
      at Function.handle (/run/media/adrianabadin/code/3eraEntregaDF/node_modules/express/lib/router/index.js:175:3),
  timestamp: '2023-03-07T22:43:40.750Z',
  label: 'e-Commerce Backend Debuger'
}
{
  level: 'error',
  message: 'Error adding product',
  error: TypeError: dbModel.insertOne is not a function
      at Object.addProduct (file:///run/media/adrianabadin/code/3eraEntregaDF/services/ProductsDao.js:25:71)
      at file:///run/media/adrianabadin/code/3eraEntregaDF/src/routes/addproduct.js:10:20
      at Layer.handle [as handle_request] (/run/media/adrianabadin/code/3eraEntregaDF/node_modules/express/lib/router/layer.js:95:5)
      at next (/run/media/adrianabadin/code/3eraEntregaDF/node_modules/express/lib/router/route.js:144:13)
      at Route.dispatch (/run/media/adrianabadin/code/3eraEntregaDF/node_modules/express/lib/router/route.js:114:3)
      at Layer.handle [as handle_request] (/run/media/adrianabadin/code/3eraEntregaDF/node_modules/express/lib/router/layer.js:95:5)
      at /run/media/adrianabadin/code/3eraEntregaDF/node_modules/express/lib/router/index.js:284:15
      at Function.process_params (/run/media/adrianabadin/code/3eraEntregaDF/node_modules/express/lib/router/index.js:346:12)
      at next (/run/media/adrianabadin/code/3eraEntregaDF/node_modules/express/lib/router/index.js:280:10)
      at Function.handle (/run/media/adrianabadin/code/3eraEntregaDF/node_modules/express/lib/router/index.js:175:3),
  timestamp: '2023-03-07T22:45:29.126Z',
  label: 'e-Commerce Backend Debuger'
}
{
  level: 'error',
  message: 'Error adding product',
  error: TypeError: dbModel.insertOne is not a function
      at Object.addProduct (file:///run/media/adrianabadin/code/3eraEntregaDF/src/services/ProductsDao.js:25:71)
      at file:///run/media/adrianabadin/code/3eraEntregaDF/src/routes/addproduct.js:10:20
      at Layer.handle [as handle_request] (/run/media/adrianabadin/code/3eraEntregaDF/node_modules/express/lib/router/layer.js:95:5)
      at next (/run/media/adrianabadin/code/3eraEntregaDF/node_modules/express/lib/router/route.js:144:13)
      at Route.dispatch (/run/media/adrianabadin/code/3eraEntregaDF/node_modules/express/lib/router/route.js:114:3)
      at Layer.handle [as handle_request] (/run/media/adrianabadin/code/3eraEntregaDF/node_modules/express/lib/router/layer.js:95:5)
      at /run/media/adrianabadin/code/3eraEntregaDF/node_modules/express/lib/router/index.js:284:15
      at Function.process_params (/run/media/adrianabadin/code/3eraEntregaDF/node_modules/express/lib/router/index.js:346:12)
      at next (/run/media/adrianabadin/code/3eraEntregaDF/node_modules/express/lib/router/index.js:280:10)
      at Function.handle (/run/media/adrianabadin/code/3eraEntregaDF/node_modules/express/lib/router/index.js:175:3),
  timestamp: '2023-03-07T22:49:03.669Z',
  label: 'e-Commerce Backend Debuger'
}
{
  level: 'error',
  message: 'Error adding product',
  error: TypeError: dbModel.insertOne is not a function
      at Object.addProduct (file:///run/media/adrianabadin/code/3eraEntregaDF/src/services/ProductsDao.js:25:71)
      at file:///run/media/adrianabadin/code/3eraEntregaDF/src/routes/addproduct.js:10:20
      at Layer.handle [as handle_request] (/run/media/adrianabadin/code/3eraEntregaDF/node_modules/express/lib/router/layer.js:95:5)
      at next (/run/media/adrianabadin/code/3eraEntregaDF/node_modules/express/lib/router/route.js:144:13)
      at Route.dispatch (/run/media/adrianabadin/code/3eraEntregaDF/node_modules/express/lib/router/route.js:114:3)
      at Layer.handle [as handle_request] (/run/media/adrianabadin/code/3eraEntregaDF/node_modules/express/lib/router/layer.js:95:5)
      at /run/media/adrianabadin/code/3eraEntregaDF/node_modules/express/lib/router/index.js:284:15
      at Function.process_params (/run/media/adrianabadin/code/3eraEntregaDF/node_modules/express/lib/router/index.js:346:12)
      at next (/run/media/adrianabadin/code/3eraEntregaDF/node_modules/express/lib/router/index.js:280:10)
      at Function.handle (/run/media/adrianabadin/code/3eraEntregaDF/node_modules/express/lib/router/index.js:175:3),
  timestamp: '2023-03-07T22:50:06.216Z',
  label: 'e-Commerce Backend Debuger'
}
{
  level: 'error',
  message: 'Error adding product',
  error: TypeError: dbModel.insertOne is not a function
      at Object.addProduct (file:///run/media/adrianabadin/code/3eraEntregaDF/src/services/ProductsDao.js:27:75)
      at file:///run/media/adrianabadin/code/3eraEntregaDF/src/routes/addproduct.js:10:20
      at Layer.handle [as handle_request] (/run/media/adrianabadin/code/3eraEntregaDF/node_modules/express/lib/router/layer.js:95:5)
      at next (/run/media/adrianabadin/code/3eraEntregaDF/node_modules/express/lib/router/route.js:144:13)
      at Route.dispatch (/run/media/adrianabadin/code/3eraEntregaDF/node_modules/express/lib/router/route.js:114:3)
      at Layer.handle [as handle_request] (/run/media/adrianabadin/code/3eraEntregaDF/node_modules/express/lib/router/layer.js:95:5)
      at /run/media/adrianabadin/code/3eraEntregaDF/node_modules/express/lib/router/index.js:284:15
      at Function.process_params (/run/media/adrianabadin/code/3eraEntregaDF/node_modules/express/lib/router/index.js:346:12)
      at next (/run/media/adrianabadin/code/3eraEntregaDF/node_modules/express/lib/router/index.js:280:10)
      at Function.handle (/run/media/adrianabadin/code/3eraEntregaDF/node_modules/express/lib/router/index.js:175:3),
  timestamp: '2023-03-07T22:51:38.926Z',
  label: 'e-Commerce Backend Debuger'
}
{
  level: 'error',
  message: 'Error adding product',
  error: TypeError: dbModel.insertOne is not a function
      at Object.addProduct (file:///run/media/adrianabadin/code/3eraEntregaDF/src/services/ProductsDao.js:27:75)
      at file:///run/media/adrianabadin/code/3eraEntregaDF/src/routes/addproduct.js:11:20
      at Layer.handle [as handle_request] (/run/media/adrianabadin/code/3eraEntregaDF/node_modules/express/lib/router/layer.js:95:5)
      at next (/run/media/adrianabadin/code/3eraEntregaDF/node_modules/express/lib/router/route.js:144:13)
      at Route.dispatch (/run/media/adrianabadin/code/3eraEntregaDF/node_modules/express/lib/router/route.js:114:3)
      at Layer.handle [as handle_request] (/run/media/adrianabadin/code/3eraEntregaDF/node_modules/express/lib/router/layer.js:95:5)
      at /run/media/adrianabadin/code/3eraEntregaDF/node_modules/express/lib/router/index.js:284:15
      at Function.process_params (/run/media/adrianabadin/code/3eraEntregaDF/node_modules/express/lib/router/index.js:346:12)
      at next (/run/media/adrianabadin/code/3eraEntregaDF/node_modules/express/lib/router/index.js:280:10)
      at Function.handle (/run/media/adrianabadin/code/3eraEntregaDF/node_modules/express/lib/router/index.js:175:3),
  timestamp: '2023-03-07T22:53:52.210Z',
  label: 'e-Commerce Backend Debuger'
}
{
  level: 'error',
  message: 'Error adding product',
  error: TypeError: dbModel.insertOne is not a function
      at Object.addProduct (file:///run/media/adrianabadin/code/3eraEntregaDF/src/services/ProductsDao.js:27:75)
      at file:///run/media/adrianabadin/code/3eraEntregaDF/src/routes/addproduct.js:10:18
      at Layer.handle [as handle_request] (/run/media/adrianabadin/code/3eraEntregaDF/node_modules/express/lib/router/layer.js:95:5)
      at next (/run/media/adrianabadin/code/3eraEntregaDF/node_modules/express/lib/router/route.js:144:13)
      at Route.dispatch (/run/media/adrianabadin/code/3eraEntregaDF/node_modules/express/lib/router/route.js:114:3)
      at Layer.handle [as handle_request] (/run/media/adrianabadin/code/3eraEntregaDF/node_modules/express/lib/router/layer.js:95:5)
      at /run/media/adrianabadin/code/3eraEntregaDF/node_modules/express/lib/router/index.js:284:15
      at Function.process_params (/run/media/adrianabadin/code/3eraEntregaDF/node_modules/express/lib/router/index.js:346:12)
      at next (/run/media/adrianabadin/code/3eraEntregaDF/node_modules/express/lib/router/index.js:280:10)
      at Function.handle (/run/media/adrianabadin/code/3eraEntregaDF/node_modules/express/lib/router/index.js:175:3),
  timestamp: '2023-03-07T22:55:51.983Z',
  label: 'e-Commerce Backend Debuger'
}
{
  level: 'error',
  message: 'Error adding product',
  error: TypeError: dbModel.insertOne is not a function
      at Object.addProduct (file:///run/media/adrianabadin/code/3eraEntregaDF/src/services/ProductsDao.js:27:75)
      at file:///run/media/adrianabadin/code/3eraEntregaDF/src/routes/addproduct.js:10:30
      at Layer.handle [as handle_request] (/run/media/adrianabadin/code/3eraEntregaDF/node_modules/express/lib/router/layer.js:95:5)
      at next (/run/media/adrianabadin/code/3eraEntregaDF/node_modules/express/lib/router/route.js:144:13)
      at Route.dispatch (/run/media/adrianabadin/code/3eraEntregaDF/node_modules/express/lib/router/route.js:114:3)
      at Layer.handle [as handle_request] (/run/media/adrianabadin/code/3eraEntregaDF/node_modules/express/lib/router/layer.js:95:5)
      at /run/media/adrianabadin/code/3eraEntregaDF/node_modules/express/lib/router/index.js:284:15
      at Function.process_params (/run/media/adrianabadin/code/3eraEntregaDF/node_modules/express/lib/router/index.js:346:12)
      at next (/run/media/adrianabadin/code/3eraEntregaDF/node_modules/express/lib/router/index.js:280:10)
      at Function.handle (/run/media/adrianabadin/code/3eraEntregaDF/node_modules/express/lib/router/index.js:175:3),
  timestamp: '2023-03-07T22:56:35.097Z',
  label: 'e-Commerce Backend Debuger'
}
{
  level: 'error',
  message: 'Error adding product',
  error: TypeError: dbModel.insertOne is not a function
      at Object.addProduct (file:///run/media/adrianabadin/code/3eraEntregaDF/src/services/ProductsDao.js:27:75)
      at file:///run/media/adrianabadin/code/3eraEntregaDF/src/routes/addproduct.js:14:20
      at process.processTicksAndRejections (node:internal/process/task_queues:95:5),
  timestamp: '2023-03-07T22:56:35.104Z',
  label: 'e-Commerce Backend Debuger'
}
{
  level: 'error',
  message: 'Error adding product',
  error: TypeError: dbModel.insertOne is not a function
      at Object.addProduct (file:///run/media/adrianabadin/code/3eraEntregaDF/src/services/ProductsDao.js:30:75)
      at file:///run/media/adrianabadin/code/3eraEntregaDF/src/routes/addproduct.js:11:30
      at process.processTicksAndRejections (node:internal/process/task_queues:95:5),
  timestamp: '2023-03-07T23:02:18.118Z',
  label: 'e-Commerce Backend Debuger'
}
{
  level: 'error',
  message: 'Error adding product',
  error: TypeError: dbModel.insertOne is not a function
      at Object.addProduct (file:///run/media/adrianabadin/code/3eraEntregaDF/src/services/ProductsDao.js:30:75)
      at file:///run/media/adrianabadin/code/3eraEntregaDF/src/routes/addproduct.js:15:20
      at process.processTicksAndRejections (node:internal/process/task_queues:95:5),
  timestamp: '2023-03-07T23:02:18.127Z',
  label: 'e-Commerce Backend Debuger'
}
{
  level: 'error',
  message: 'Error adding product',
  error: TypeError: dbModel.insertOne is not a function
      at Object.addProduct (file:///run/media/adrianabadin/code/3eraEntregaDF/src/services/ProductsDao.js:25:91)
      at file:///run/media/adrianabadin/code/3eraEntregaDF/src/routes/addproduct.js:11:30
      at process.processTicksAndRejections (node:internal/process/task_queues:95:5),
  timestamp: '2023-03-07T23:04:19.629Z',
  label: 'e-Commerce Backend Debuger'
}
{
  level: 'error',
  message: 'Error adding product',
  error: TypeError: dbModel.insertOne is not a function
      at Object.addProduct (file:///run/media/adrianabadin/code/3eraEntregaDF/src/services/ProductsDao.js:25:91)
      at file:///run/media/adrianabadin/code/3eraEntregaDF/src/routes/addproduct.js:15:20
      at process.processTicksAndRejections (node:internal/process/task_queues:95:5),
  timestamp: '2023-03-07T23:04:19.634Z',
  label: 'e-Commerce Backend Debuger'
}
{
  level: 'error',
  message: 'Error adding product',
  error: TypeError: dbModel.create(...).save is not a function
      at Object.addProduct (file:///run/media/adrianabadin/code/3eraEntregaDF/src/services/ProductsDao.js:25:107)
      at file:///run/media/adrianabadin/code/3eraEntregaDF/src/routes/addproduct.js:11:30
      at process.processTicksAndRejections (node:internal/process/task_queues:95:5),
  timestamp: '2023-03-07T23:07:28.225Z',
  label: 'e-Commerce Backend Debuger'
}
{
  level: 'error',
  message: 'Error adding product',
  error: TypeError: dbModel.create(...).save is not a function
      at Object.addProduct (file:///run/media/adrianabadin/code/3eraEntregaDF/src/services/ProductsDao.js:25:107)
      at file:///run/media/adrianabadin/code/3eraEntregaDF/src/routes/addproduct.js:11:30
      at process.processTicksAndRejections (node:internal/process/task_queues:95:5),
  timestamp: '2023-03-07T23:08:10.839Z',
  label: 'e-Commerce Backend Debuger'
}
{
  level: 'error',
  message: 'Error adding product',
  error: TypeError: dbModel.create(...).save is not a function
      at Object.addProduct (file:///run/media/adrianabadin/code/3eraEntregaDF/src/services/ProductsDao.js:25:107)
      at file:///run/media/adrianabadin/code/3eraEntregaDF/src/routes/addproduct.js:11:30
      at process.processTicksAndRejections (node:internal/process/task_queues:95:5),
  timestamp: '2023-03-07T23:09:51.829Z',
  label: 'e-Commerce Backend Debuger'
}
{
  level: 'error',
  message: 'Error adding product',
  error: Error: ProductCollection validation failed: price: Cast to Number failed for value "NaN" (type number) at path "price"
      at ValidationError.inspect (/run/media/adrianabadin/code/3eraEntregaDF/node_modules/mongoose/lib/error/validation.js:50:26)
      at formatValue (node:internal/util/inspect:806:19)
      at formatProperty (node:internal/util/inspect:1920:11)
      at formatRaw (node:internal/util/inspect:1055:9)
      at formatValue (node:internal/util/inspect:841:10)
      at inspect (node:internal/util/inspect:365:10)
      at Format.transform (/run/media/adrianabadin/code/3eraEntregaDF/node_modules/logform/pretty-print.js:27:19)
      at Format.transform (/run/media/adrianabadin/code/3eraEntregaDF/node_modules/logform/combine.js:20:24)
      at DerivedLogger._transform (/run/media/adrianabadin/code/3eraEntregaDF/node_modules/winston/lib/winston/logger.js:313:29)
      at Transform._read (/run/media/adrianabadin/code/3eraEntregaDF/node_modules/winston/node_modules/readable-stream/lib/_stream_transform.js:165:10) {
    errors: {
      price: CastError: Cast to Number failed for value "NaN" (type number) at path "price"
          at SchemaNumber.cast (/run/media/adrianabadin/code/3eraEntregaDF/node_modules/mongoose/lib/schema/number.js:378:11)
          at SchemaType.applySetters (/run/media/adrianabadin/code/3eraEntregaDF/node_modules/mongoose/lib/schematype.js:1202:12)
          at model.$set (/run/media/adrianabadin/code/3eraEntregaDF/node_modules/mongoose/lib/document.js:1387:22)
          at model.$set (/run/media/adrianabadin/code/3eraEntregaDF/node_modules/mongoose/lib/document.js:1112:16)
          at model.Document (/run/media/adrianabadin/code/3eraEntregaDF/node_modules/mongoose/lib/document.js:165:12)
          at model.Model (/run/media/adrianabadin/code/3eraEntregaDF/node_modules/mongoose/lib/model.js:121:12)
          at new model (/run/media/adrianabadin/code/3eraEntregaDF/node_modules/mongoose/lib/model.js:4469:15)
          at /run/media/adrianabadin/code/3eraEntregaDF/node_modules/mongoose/lib/model.js:2825:16
          at Array.map (<anonymous>)
          at Function.create (/run/media/adrianabadin/code/3eraEntregaDF/node_modules/mongoose/lib/model.js:2814:38) {
        stringValue: '"NaN"',
        messageFormat: undefined,
        kind: 'Number',
        value: NaN,
        path: 'price',
        reason: AssertionError [ERR_ASSERTION]: The expression evaluated to a falsy value:
        
          assert.ok(!isNaN(val))
        
            at castNumber (/run/media/adrianabadin/code/3eraEntregaDF/node_modules/mongoose/lib/cast/number.js:27:10)
            at SchemaNumber.cast (/run/media/adrianabadin/code/3eraEntregaDF/node_modules/mongoose/lib/schema/number.js:376:12)
            at SchemaType.applySetters (/run/media/adrianabadin/code/3eraEntregaDF/node_modules/mongoose/lib/schematype.js:1202:12)
            at model.$set (/run/media/adrianabadin/code/3eraEntregaDF/node_modules/mongoose/lib/document.js:1387:22)
            at model.$set (/run/media/adrianabadin/code/3eraEntregaDF/node_modules/mongoose/lib/document.js:1112:16)
            at model.Document (/run/media/adrianabadin/code/3eraEntregaDF/node_modules/mongoose/lib/document.js:165:12)
            at model.Model (/run/media/adrianabadin/code/3eraEntregaDF/node_modules/mongoose/lib/model.js:121:12)
            at new model (/run/media/adrianabadin/code/3eraEntregaDF/node_modules/mongoose/lib/model.js:4469:15)
            at /run/media/adrianabadin/code/3eraEntregaDF/node_modules/mongoose/lib/model.js:2825:16
            at Array.map (<anonymous>) {
          generatedMessage: true,
          code: 'ERR_ASSERTION',
          actual: false,
          expected: true,
          operator: '=='
        },
        valueType: 'number'
      }
    },
    _message: 'ProductCollection validation failed'
  },
  timestamp: '2023-03-07T23:13:35.455Z',
  label: 'e-Commerce Backend Debuger'
}
{
  level: 'error',
  message: 'Error adding product',
  error: Error: ProductCollection validation failed: price: Cast to Number failed for value "NaN" (type number) at path "price"
      at ValidationError.inspect (/run/media/adrianabadin/code/3eraEntregaDF/node_modules/mongoose/lib/error/validation.js:50:26)
      at formatValue (node:internal/util/inspect:806:19)
      at formatProperty (node:internal/util/inspect:1920:11)
      at formatRaw (node:internal/util/inspect:1055:9)
      at formatValue (node:internal/util/inspect:841:10)
      at inspect (node:internal/util/inspect:365:10)
      at Format.transform (/run/media/adrianabadin/code/3eraEntregaDF/node_modules/logform/pretty-print.js:27:19)
      at Format.transform (/run/media/adrianabadin/code/3eraEntregaDF/node_modules/logform/combine.js:20:24)
      at DerivedLogger._transform (/run/media/adrianabadin/code/3eraEntregaDF/node_modules/winston/lib/winston/logger.js:313:29)
      at Transform._read (/run/media/adrianabadin/code/3eraEntregaDF/node_modules/winston/node_modules/readable-stream/lib/_stream_transform.js:165:10) {
    errors: {
      price: CastError: Cast to Number failed for value "NaN" (type number) at path "price"
          at SchemaNumber.cast (/run/media/adrianabadin/code/3eraEntregaDF/node_modules/mongoose/lib/schema/number.js:378:11)
          at SchemaType.applySetters (/run/media/adrianabadin/code/3eraEntregaDF/node_modules/mongoose/lib/schematype.js:1202:12)
          at model.$set (/run/media/adrianabadin/code/3eraEntregaDF/node_modules/mongoose/lib/document.js:1387:22)
          at model.$set (/run/media/adrianabadin/code/3eraEntregaDF/node_modules/mongoose/lib/document.js:1112:16)
          at model.Document (/run/media/adrianabadin/code/3eraEntregaDF/node_modules/mongoose/lib/document.js:165:12)
          at model.Model (/run/media/adrianabadin/code/3eraEntregaDF/node_modules/mongoose/lib/model.js:121:12)
          at new model (/run/media/adrianabadin/code/3eraEntregaDF/node_modules/mongoose/lib/model.js:4469:15)
          at /run/media/adrianabadin/code/3eraEntregaDF/node_modules/mongoose/lib/model.js:2825:16
          at Array.map (<anonymous>)
          at Function.create (/run/media/adrianabadin/code/3eraEntregaDF/node_modules/mongoose/lib/model.js:2814:38) {
        stringValue: '"NaN"',
        messageFormat: undefined,
        kind: 'Number',
        value: NaN,
        path: 'price',
        reason: AssertionError [ERR_ASSERTION]: The expression evaluated to a falsy value:
        
          assert.ok(!isNaN(val))
        
            at castNumber (/run/media/adrianabadin/code/3eraEntregaDF/node_modules/mongoose/lib/cast/number.js:27:10)
            at SchemaNumber.cast (/run/media/adrianabadin/code/3eraEntregaDF/node_modules/mongoose/lib/schema/number.js:376:12)
            at SchemaType.applySetters (/run/media/adrianabadin/code/3eraEntregaDF/node_modules/mongoose/lib/schematype.js:1202:12)
            at model.$set (/run/media/adrianabadin/code/3eraEntregaDF/node_modules/mongoose/lib/document.js:1387:22)
            at model.$set (/run/media/adrianabadin/code/3eraEntregaDF/node_modules/mongoose/lib/document.js:1112:16)
            at model.Document (/run/media/adrianabadin/code/3eraEntregaDF/node_modules/mongoose/lib/document.js:165:12)
            at model.Model (/run/media/adrianabadin/code/3eraEntregaDF/node_modules/mongoose/lib/model.js:121:12)
            at new model (/run/media/adrianabadin/code/3eraEntregaDF/node_modules/mongoose/lib/model.js:4469:15)
            at /run/media/adrianabadin/code/3eraEntregaDF/node_modules/mongoose/lib/model.js:2825:16
            at Array.map (<anonymous>) {
          generatedMessage: true,
          code: 'ERR_ASSERTION',
          actual: false,
          expected: true,
          operator: '=='
        },
        valueType: 'number'
      }
    },
    _message: 'ProductCollection validation failed'
  },
  timestamp: '2023-03-07T23:13:35.465Z',
  label: 'e-Commerce Backend Debuger'
}
{
  level: 'error',
  message: 'Error adding product',
  error: Error: ProductCollection validation failed: price: Cast to Number failed for value "NaN" (type number) at path "price"
      at ValidationError.inspect (/run/media/adrianabadin/code/3eraEntregaDF/node_modules/mongoose/lib/error/validation.js:50:26)
      at formatValue (node:internal/util/inspect:806:19)
      at formatProperty (node:internal/util/inspect:1920:11)
      at formatRaw (node:internal/util/inspect:1055:9)
      at formatValue (node:internal/util/inspect:841:10)
      at inspect (node:internal/util/inspect:365:10)
      at Format.transform (/run/media/adrianabadin/code/3eraEntregaDF/node_modules/logform/pretty-print.js:27:19)
      at Format.transform (/run/media/adrianabadin/code/3eraEntregaDF/node_modules/logform/combine.js:20:24)
      at DerivedLogger._transform (/run/media/adrianabadin/code/3eraEntregaDF/node_modules/winston/lib/winston/logger.js:313:29)
      at Transform._read (/run/media/adrianabadin/code/3eraEntregaDF/node_modules/winston/node_modules/readable-stream/lib/_stream_transform.js:165:10) {
    errors: {
      price: CastError: Cast to Number failed for value "NaN" (type number) at path "price"
          at SchemaNumber.cast (/run/media/adrianabadin/code/3eraEntregaDF/node_modules/mongoose/lib/schema/number.js:378:11)
          at SchemaType.applySetters (/run/media/adrianabadin/code/3eraEntregaDF/node_modules/mongoose/lib/schematype.js:1202:12)
          at model.$set (/run/media/adrianabadin/code/3eraEntregaDF/node_modules/mongoose/lib/document.js:1387:22)
          at model.$set (/run/media/adrianabadin/code/3eraEntregaDF/node_modules/mongoose/lib/document.js:1112:16)
          at model.Document (/run/media/adrianabadin/code/3eraEntregaDF/node_modules/mongoose/lib/document.js:165:12)
          at model.Model (/run/media/adrianabadin/code/3eraEntregaDF/node_modules/mongoose/lib/model.js:121:12)
          at new model (/run/media/adrianabadin/code/3eraEntregaDF/node_modules/mongoose/lib/model.js:4469:15)
          at /run/media/adrianabadin/code/3eraEntregaDF/node_modules/mongoose/lib/model.js:2825:16
          at Array.map (<anonymous>)
          at Function.create (/run/media/adrianabadin/code/3eraEntregaDF/node_modules/mongoose/lib/model.js:2814:38) {
        stringValue: '"NaN"',
        messageFormat: undefined,
        kind: 'Number',
        value: NaN,
        path: 'price',
        reason: AssertionError [ERR_ASSERTION]: The expression evaluated to a falsy value:
        
          assert.ok(!isNaN(val))
        
            at castNumber (/run/media/adrianabadin/code/3eraEntregaDF/node_modules/mongoose/lib/cast/number.js:27:10)
            at SchemaNumber.cast (/run/media/adrianabadin/code/3eraEntregaDF/node_modules/mongoose/lib/schema/number.js:376:12)
            at SchemaType.applySetters (/run/media/adrianabadin/code/3eraEntregaDF/node_modules/mongoose/lib/schematype.js:1202:12)
            at model.$set (/run/media/adrianabadin/code/3eraEntregaDF/node_modules/mongoose/lib/document.js:1387:22)
            at model.$set (/run/media/adrianabadin/code/3eraEntregaDF/node_modules/mongoose/lib/document.js:1112:16)
            at model.Document (/run/media/adrianabadin/code/3eraEntregaDF/node_modules/mongoose/lib/document.js:165:12)
            at model.Model (/run/media/adrianabadin/code/3eraEntregaDF/node_modules/mongoose/lib/model.js:121:12)
            at new model (/run/media/adrianabadin/code/3eraEntregaDF/node_modules/mongoose/lib/model.js:4469:15)
            at /run/media/adrianabadin/code/3eraEntregaDF/node_modules/mongoose/lib/model.js:2825:16
            at Array.map (<anonymous>) {
          generatedMessage: true,
          code: 'ERR_ASSERTION',
          actual: false,
          expected: true,
          operator: '=='
        },
        valueType: 'number'
      }
    },
    _message: 'ProductCollection validation failed'
  },
  timestamp: '2023-03-07T23:14:59.619Z',
  label: 'e-Commerce Backend Debuger'
}
{
  level: 'error',
  message: 'Error adding product',
  error: Error: ProductCollection validation failed: price: Cast to Number failed for value "NaN" (type number) at path "price"
      at ValidationError.inspect (/run/media/adrianabadin/code/3eraEntregaDF/node_modules/mongoose/lib/error/validation.js:50:26)
      at formatValue (node:internal/util/inspect:806:19)
      at formatProperty (node:internal/util/inspect:1920:11)
      at formatRaw (node:internal/util/inspect:1055:9)
      at formatValue (node:internal/util/inspect:841:10)
      at inspect (node:internal/util/inspect:365:10)
      at Format.transform (/run/media/adrianabadin/code/3eraEntregaDF/node_modules/logform/pretty-print.js:27:19)
      at Format.transform (/run/media/adrianabadin/code/3eraEntregaDF/node_modules/logform/combine.js:20:24)
      at DerivedLogger._transform (/run/media/adrianabadin/code/3eraEntregaDF/node_modules/winston/lib/winston/logger.js:313:29)
      at Transform._read (/run/media/adrianabadin/code/3eraEntregaDF/node_modules/winston/node_modules/readable-stream/lib/_stream_transform.js:165:10) {
    errors: {
      price: CastError: Cast to Number failed for value "NaN" (type number) at path "price"
          at SchemaNumber.cast (/run/media/adrianabadin/code/3eraEntregaDF/node_modules/mongoose/lib/schema/number.js:378:11)
          at SchemaType.applySetters (/run/media/adrianabadin/code/3eraEntregaDF/node_modules/mongoose/lib/schematype.js:1202:12)
          at model.$set (/run/media/adrianabadin/code/3eraEntregaDF/node_modules/mongoose/lib/document.js:1387:22)
          at model.$set (/run/media/adrianabadin/code/3eraEntregaDF/node_modules/mongoose/lib/document.js:1112:16)
          at model.Document (/run/media/adrianabadin/code/3eraEntregaDF/node_modules/mongoose/lib/document.js:165:12)
          at model.Model (/run/media/adrianabadin/code/3eraEntregaDF/node_modules/mongoose/lib/model.js:121:12)
          at new model (/run/media/adrianabadin/code/3eraEntregaDF/node_modules/mongoose/lib/model.js:4469:15)
          at /run/media/adrianabadin/code/3eraEntregaDF/node_modules/mongoose/lib/model.js:2825:16
          at Array.map (<anonymous>)
          at Function.create (/run/media/adrianabadin/code/3eraEntregaDF/node_modules/mongoose/lib/model.js:2814:38) {
        stringValue: '"NaN"',
        messageFormat: undefined,
        kind: 'Number',
        value: NaN,
        path: 'price',
        reason: AssertionError [ERR_ASSERTION]: The expression evaluated to a falsy value:
        
          assert.ok(!isNaN(val))
        
            at castNumber (/run/media/adrianabadin/code/3eraEntregaDF/node_modules/mongoose/lib/cast/number.js:27:10)
            at SchemaNumber.cast (/run/media/adrianabadin/code/3eraEntregaDF/node_modules/mongoose/lib/schema/number.js:376:12)
            at SchemaType.applySetters (/run/media/adrianabadin/code/3eraEntregaDF/node_modules/mongoose/lib/schematype.js:1202:12)
            at model.$set (/run/media/adrianabadin/code/3eraEntregaDF/node_modules/mongoose/lib/document.js:1387:22)
            at model.$set (/run/media/adrianabadin/code/3eraEntregaDF/node_modules/mongoose/lib/document.js:1112:16)
            at model.Document (/run/media/adrianabadin/code/3eraEntregaDF/node_modules/mongoose/lib/document.js:165:12)
            at model.Model (/run/media/adrianabadin/code/3eraEntregaDF/node_modules/mongoose/lib/model.js:121:12)
            at new model (/run/media/adrianabadin/code/3eraEntregaDF/node_modules/mongoose/lib/model.js:4469:15)
            at /run/media/adrianabadin/code/3eraEntregaDF/node_modules/mongoose/lib/model.js:2825:16
            at Array.map (<anonymous>) {
          generatedMessage: true,
          code: 'ERR_ASSERTION',
          actual: false,
          expected: true,
          operator: '=='
        },
        valueType: 'number'
      }
    },
    _message: 'ProductCollection validation failed'
  },
  timestamp: '2023-03-07T23:14:59.627Z',
  label: 'e-Commerce Backend Debuger'
}
{
  level: 'error',
  message: 'Error adding product',
  error: Error: ProductCollection validation failed: price: Cast to Number failed for value "NaN" (type number) at path "price"
      at ValidationError.inspect (/run/media/adrianabadin/code/3eraEntregaDF/node_modules/mongoose/lib/error/validation.js:50:26)
      at formatValue (node:internal/util/inspect:806:19)
      at formatProperty (node:internal/util/inspect:1920:11)
      at formatRaw (node:internal/util/inspect:1055:9)
      at formatValue (node:internal/util/inspect:841:10)
      at inspect (node:internal/util/inspect:365:10)
      at Format.transform (/run/media/adrianabadin/code/3eraEntregaDF/node_modules/logform/pretty-print.js:27:19)
      at Format.transform (/run/media/adrianabadin/code/3eraEntregaDF/node_modules/logform/combine.js:20:24)
      at DerivedLogger._transform (/run/media/adrianabadin/code/3eraEntregaDF/node_modules/winston/lib/winston/logger.js:313:29)
      at Transform._read (/run/media/adrianabadin/code/3eraEntregaDF/node_modules/winston/node_modules/readable-stream/lib/_stream_transform.js:165:10) {
    errors: {
      price: CastError: Cast to Number failed for value "NaN" (type number) at path "price"
          at SchemaNumber.cast (/run/media/adrianabadin/code/3eraEntregaDF/node_modules/mongoose/lib/schema/number.js:378:11)
          at SchemaType.applySetters (/run/media/adrianabadin/code/3eraEntregaDF/node_modules/mongoose/lib/schematype.js:1202:12)
          at model.$set (/run/media/adrianabadin/code/3eraEntregaDF/node_modules/mongoose/lib/document.js:1387:22)
          at model.$set (/run/media/adrianabadin/code/3eraEntregaDF/node_modules/mongoose/lib/document.js:1112:16)
          at model.Document (/run/media/adrianabadin/code/3eraEntregaDF/node_modules/mongoose/lib/document.js:165:12)
          at model.Model (/run/media/adrianabadin/code/3eraEntregaDF/node_modules/mongoose/lib/model.js:121:12)
          at new model (/run/media/adrianabadin/code/3eraEntregaDF/node_modules/mongoose/lib/model.js:4469:15)
          at /run/media/adrianabadin/code/3eraEntregaDF/node_modules/mongoose/lib/model.js:2825:16
          at Array.map (<anonymous>)
          at Function.create (/run/media/adrianabadin/code/3eraEntregaDF/node_modules/mongoose/lib/model.js:2814:38) {
        stringValue: '"NaN"',
        messageFormat: undefined,
        kind: 'Number',
        value: NaN,
        path: 'price',
        reason: AssertionError [ERR_ASSERTION]: The expression evaluated to a falsy value:
        
          assert.ok(!isNaN(val))
        
            at castNumber (/run/media/adrianabadin/code/3eraEntregaDF/node_modules/mongoose/lib/cast/number.js:27:10)
            at SchemaNumber.cast (/run/media/adrianabadin/code/3eraEntregaDF/node_modules/mongoose/lib/schema/number.js:376:12)
            at SchemaType.applySetters (/run/media/adrianabadin/code/3eraEntregaDF/node_modules/mongoose/lib/schematype.js:1202:12)
            at model.$set (/run/media/adrianabadin/code/3eraEntregaDF/node_modules/mongoose/lib/document.js:1387:22)
            at model.$set (/run/media/adrianabadin/code/3eraEntregaDF/node_modules/mongoose/lib/document.js:1112:16)
            at model.Document (/run/media/adrianabadin/code/3eraEntregaDF/node_modules/mongoose/lib/document.js:165:12)
            at model.Model (/run/media/adrianabadin/code/3eraEntregaDF/node_modules/mongoose/lib/model.js:121:12)
            at new model (/run/media/adrianabadin/code/3eraEntregaDF/node_modules/mongoose/lib/model.js:4469:15)
            at /run/media/adrianabadin/code/3eraEntregaDF/node_modules/mongoose/lib/model.js:2825:16
            at Array.map (<anonymous>) {
          generatedMessage: true,
          code: 'ERR_ASSERTION',
          actual: false,
          expected: true,
          operator: '=='
        },
        valueType: 'number'
      }
    },
    _message: 'ProductCollection validation failed'
  },
  product: { name: undefined, price: NaN, rate: 1, description: undefined },
  timestamp: '2023-03-07T23:16:25.176Z',
  label: 'e-Commerce Backend Debuger'
}
{
  level: 'error',
  message: 'Error adding product',
  error: Error: ProductCollection validation failed: price: Cast to Number failed for value "NaN" (type number) at path "price"
      at ValidationError.inspect (/run/media/adrianabadin/code/3eraEntregaDF/node_modules/mongoose/lib/error/validation.js:50:26)
      at formatValue (node:internal/util/inspect:806:19)
      at formatProperty (node:internal/util/inspect:1920:11)
      at formatRaw (node:internal/util/inspect:1055:9)
      at formatValue (node:internal/util/inspect:841:10)
      at inspect (node:internal/util/inspect:365:10)
      at Format.transform (/run/media/adrianabadin/code/3eraEntregaDF/node_modules/logform/pretty-print.js:27:19)
      at Format.transform (/run/media/adrianabadin/code/3eraEntregaDF/node_modules/logform/combine.js:20:24)
      at DerivedLogger._transform (/run/media/adrianabadin/code/3eraEntregaDF/node_modules/winston/lib/winston/logger.js:313:29)
      at Transform._read (/run/media/adrianabadin/code/3eraEntregaDF/node_modules/winston/node_modules/readable-stream/lib/_stream_transform.js:165:10) {
    errors: {
      price: CastError: Cast to Number failed for value "NaN" (type number) at path "price"
          at SchemaNumber.cast (/run/media/adrianabadin/code/3eraEntregaDF/node_modules/mongoose/lib/schema/number.js:378:11)
          at SchemaType.applySetters (/run/media/adrianabadin/code/3eraEntregaDF/node_modules/mongoose/lib/schematype.js:1202:12)
          at model.$set (/run/media/adrianabadin/code/3eraEntregaDF/node_modules/mongoose/lib/document.js:1387:22)
          at model.$set (/run/media/adrianabadin/code/3eraEntregaDF/node_modules/mongoose/lib/document.js:1112:16)
          at model.Document (/run/media/adrianabadin/code/3eraEntregaDF/node_modules/mongoose/lib/document.js:165:12)
          at model.Model (/run/media/adrianabadin/code/3eraEntregaDF/node_modules/mongoose/lib/model.js:121:12)
          at new model (/run/media/adrianabadin/code/3eraEntregaDF/node_modules/mongoose/lib/model.js:4469:15)
          at /run/media/adrianabadin/code/3eraEntregaDF/node_modules/mongoose/lib/model.js:2825:16
          at Array.map (<anonymous>)
          at Function.create (/run/media/adrianabadin/code/3eraEntregaDF/node_modules/mongoose/lib/model.js:2814:38) {
        stringValue: '"NaN"',
        messageFormat: undefined,
        kind: 'Number',
        value: NaN,
        path: 'price',
        reason: AssertionError [ERR_ASSERTION]: The expression evaluated to a falsy value:
        
          assert.ok(!isNaN(val))
        
            at castNumber (/run/media/adrianabadin/code/3eraEntregaDF/node_modules/mongoose/lib/cast/number.js:27:10)
            at SchemaNumber.cast (/run/media/adrianabadin/code/3eraEntregaDF/node_modules/mongoose/lib/schema/number.js:376:12)
            at SchemaType.applySetters (/run/media/adrianabadin/code/3eraEntregaDF/node_modules/mongoose/lib/schematype.js:1202:12)
            at model.$set (/run/media/adrianabadin/code/3eraEntregaDF/node_modules/mongoose/lib/document.js:1387:22)
            at model.$set (/run/media/adrianabadin/code/3eraEntregaDF/node_modules/mongoose/lib/document.js:1112:16)
            at model.Document (/run/media/adrianabadin/code/3eraEntregaDF/node_modules/mongoose/lib/document.js:165:12)
            at model.Model (/run/media/adrianabadin/code/3eraEntregaDF/node_modules/mongoose/lib/model.js:121:12)
            at new model (/run/media/adrianabadin/code/3eraEntregaDF/node_modules/mongoose/lib/model.js:4469:15)
            at /run/media/adrianabadin/code/3eraEntregaDF/node_modules/mongoose/lib/model.js:2825:16
            at Array.map (<anonymous>) {
          generatedMessage: true,
          code: 'ERR_ASSERTION',
          actual: false,
          expected: true,
          operator: '=='
        },
        valueType: 'number'
      }
    },
    _message: 'ProductCollection validation failed'
  },
  product: { name: undefined, price: NaN, rate: 1, description: undefined },
  timestamp: '2023-03-07T23:16:25.185Z',
  label: 'e-Commerce Backend Debuger'
}
{
  level: 'error',
  message: 'Error adding product',
  error: Error: ProductCollection validation failed: price: Cast to Number failed for value "NaN" (type number) at path "price"
      at ValidationError.inspect (/run/media/adrianabadin/code/3eraEntregaDF/node_modules/mongoose/lib/error/validation.js:50:26)
      at formatValue (node:internal/util/inspect:806:19)
      at formatProperty (node:internal/util/inspect:1920:11)
      at formatRaw (node:internal/util/inspect:1055:9)
      at formatValue (node:internal/util/inspect:841:10)
      at inspect (node:internal/util/inspect:365:10)
      at Format.transform (/run/media/adrianabadin/code/3eraEntregaDF/node_modules/logform/pretty-print.js:27:19)
      at Format.transform (/run/media/adrianabadin/code/3eraEntregaDF/node_modules/logform/combine.js:20:24)
      at DerivedLogger._transform (/run/media/adrianabadin/code/3eraEntregaDF/node_modules/winston/lib/winston/logger.js:313:29)
      at Transform._read (/run/media/adrianabadin/code/3eraEntregaDF/node_modules/winston/node_modules/readable-stream/lib/_stream_transform.js:165:10) {
    errors: {
      price: CastError: Cast to Number failed for value "NaN" (type number) at path "price"
          at SchemaNumber.cast (/run/media/adrianabadin/code/3eraEntregaDF/node_modules/mongoose/lib/schema/number.js:378:11)
          at SchemaType.applySetters (/run/media/adrianabadin/code/3eraEntregaDF/node_modules/mongoose/lib/schematype.js:1202:12)
          at model.$set (/run/media/adrianabadin/code/3eraEntregaDF/node_modules/mongoose/lib/document.js:1387:22)
          at model.$set (/run/media/adrianabadin/code/3eraEntregaDF/node_modules/mongoose/lib/document.js:1112:16)
          at model.Document (/run/media/adrianabadin/code/3eraEntregaDF/node_modules/mongoose/lib/document.js:165:12)
          at model.Model (/run/media/adrianabadin/code/3eraEntregaDF/node_modules/mongoose/lib/model.js:121:12)
          at new model (/run/media/adrianabadin/code/3eraEntregaDF/node_modules/mongoose/lib/model.js:4469:15)
          at /run/media/adrianabadin/code/3eraEntregaDF/node_modules/mongoose/lib/model.js:2825:16
          at Array.map (<anonymous>)
          at Function.create (/run/media/adrianabadin/code/3eraEntregaDF/node_modules/mongoose/lib/model.js:2814:38) {
        stringValue: '"NaN"',
        messageFormat: undefined,
        kind: 'Number',
        value: NaN,
        path: 'price',
        reason: AssertionError [ERR_ASSERTION]: The expression evaluated to a falsy value:
        
          assert.ok(!isNaN(val))
        
            at castNumber (/run/media/adrianabadin/code/3eraEntregaDF/node_modules/mongoose/lib/cast/number.js:27:10)
            at SchemaNumber.cast (/run/media/adrianabadin/code/3eraEntregaDF/node_modules/mongoose/lib/schema/number.js:376:12)
            at SchemaType.applySetters (/run/media/adrianabadin/code/3eraEntregaDF/node_modules/mongoose/lib/schematype.js:1202:12)
            at model.$set (/run/media/adrianabadin/code/3eraEntregaDF/node_modules/mongoose/lib/document.js:1387:22)
            at model.$set (/run/media/adrianabadin/code/3eraEntregaDF/node_modules/mongoose/lib/document.js:1112:16)
            at model.Document (/run/media/adrianabadin/code/3eraEntregaDF/node_modules/mongoose/lib/document.js:165:12)
            at model.Model (/run/media/adrianabadin/code/3eraEntregaDF/node_modules/mongoose/lib/model.js:121:12)
            at new model (/run/media/adrianabadin/code/3eraEntregaDF/node_modules/mongoose/lib/model.js:4469:15)
            at /run/media/adrianabadin/code/3eraEntregaDF/node_modules/mongoose/lib/model.js:2825:16
            at Array.map (<anonymous>) {
          generatedMessage: true,
          code: 'ERR_ASSERTION',
          actual: false,
          expected: true,
          operator: '=='
        },
        valueType: 'number'
      }
    },
    _message: 'ProductCollection validation failed'
  },
  product: { name: undefined, price: NaN, rate: 1, description: undefined },
  timestamp: '2023-03-07T23:18:29.041Z',
  label: 'e-Commerce Backend Debuger'
}
{
  level: 'error',
  message: 'Error adding product',
  error: Error: ProductCollection validation failed: price: Cast to Number failed for value "NaN" (type number) at path "price"
      at ValidationError.inspect (/run/media/adrianabadin/code/3eraEntregaDF/node_modules/mongoose/lib/error/validation.js:50:26)
      at formatValue (node:internal/util/inspect:806:19)
      at formatProperty (node:internal/util/inspect:1920:11)
      at formatRaw (node:internal/util/inspect:1055:9)
      at formatValue (node:internal/util/inspect:841:10)
      at inspect (node:internal/util/inspect:365:10)
      at Format.transform (/run/media/adrianabadin/code/3eraEntregaDF/node_modules/logform/pretty-print.js:27:19)
      at Format.transform (/run/media/adrianabadin/code/3eraEntregaDF/node_modules/logform/combine.js:20:24)
      at DerivedLogger._transform (/run/media/adrianabadin/code/3eraEntregaDF/node_modules/winston/lib/winston/logger.js:313:29)
      at Transform._read (/run/media/adrianabadin/code/3eraEntregaDF/node_modules/winston/node_modules/readable-stream/lib/_stream_transform.js:165:10) {
    errors: {
      price: CastError: Cast to Number failed for value "NaN" (type number) at path "price"
          at SchemaNumber.cast (/run/media/adrianabadin/code/3eraEntregaDF/node_modules/mongoose/lib/schema/number.js:378:11)
          at SchemaType.applySetters (/run/media/adrianabadin/code/3eraEntregaDF/node_modules/mongoose/lib/schematype.js:1202:12)
          at model.$set (/run/media/adrianabadin/code/3eraEntregaDF/node_modules/mongoose/lib/document.js:1387:22)
          at model.$set (/run/media/adrianabadin/code/3eraEntregaDF/node_modules/mongoose/lib/document.js:1112:16)
          at model.Document (/run/media/adrianabadin/code/3eraEntregaDF/node_modules/mongoose/lib/document.js:165:12)
          at model.Model (/run/media/adrianabadin/code/3eraEntregaDF/node_modules/mongoose/lib/model.js:121:12)
          at new model (/run/media/adrianabadin/code/3eraEntregaDF/node_modules/mongoose/lib/model.js:4469:15)
          at /run/media/adrianabadin/code/3eraEntregaDF/node_modules/mongoose/lib/model.js:2825:16
          at Array.map (<anonymous>)
          at Function.create (/run/media/adrianabadin/code/3eraEntregaDF/node_modules/mongoose/lib/model.js:2814:38) {
        stringValue: '"NaN"',
        messageFormat: undefined,
        kind: 'Number',
        value: NaN,
        path: 'price',
        reason: AssertionError [ERR_ASSERTION]: The expression evaluated to a falsy value:
        
          assert.ok(!isNaN(val))
        
            at castNumber (/run/media/adrianabadin/code/3eraEntregaDF/node_modules/mongoose/lib/cast/number.js:27:10)
            at SchemaNumber.cast (/run/media/adrianabadin/code/3eraEntregaDF/node_modules/mongoose/lib/schema/number.js:376:12)
            at SchemaType.applySetters (/run/media/adrianabadin/code/3eraEntregaDF/node_modules/mongoose/lib/schematype.js:1202:12)
            at model.$set (/run/media/adrianabadin/code/3eraEntregaDF/node_modules/mongoose/lib/document.js:1387:22)
            at model.$set (/run/media/adrianabadin/code/3eraEntregaDF/node_modules/mongoose/lib/document.js:1112:16)
            at model.Document (/run/media/adrianabadin/code/3eraEntregaDF/node_modules/mongoose/lib/document.js:165:12)
            at model.Model (/run/media/adrianabadin/code/3eraEntregaDF/node_modules/mongoose/lib/model.js:121:12)
            at new model (/run/media/adrianabadin/code/3eraEntregaDF/node_modules/mongoose/lib/model.js:4469:15)
            at /run/media/adrianabadin/code/3eraEntregaDF/node_modules/mongoose/lib/model.js:2825:16
            at Array.map (<anonymous>) {
          generatedMessage: true,
          code: 'ERR_ASSERTION',
          actual: false,
          expected: true,
          operator: '=='
        },
        valueType: 'number'
      }
    },
    _message: 'ProductCollection validation failed'
  },
  product: { name: undefined, price: NaN, rate: 1, description: undefined },
  timestamp: '2023-03-07T23:18:29.051Z',
  label: 'e-Commerce Backend Debuger'
}
{
  level: 'error',
  message: 'Error adding product',
  error: TypeError: dbModel.save is not a function
      at Object.addProduct (file:///run/media/adrianabadin/code/3eraEntregaDF/src/services/ProductsDao.js:25:54)
      at process.processTicksAndRejections (node:internal/process/task_queues:95:5)
      at async file:///run/media/adrianabadin/code/3eraEntregaDF/src/routes/addproduct.js:11:20,
  product: { name: undefined, price: 1, rate: 1, description: undefined },
  timestamp: '2023-03-07T23:20:43.136Z',
  label: 'e-Commerce Backend Debuger'
}
{
  level: 'error',
  message: 'Error adding product',
  error: TypeError: dbModel.save is not a function
      at Object.addProduct (file:///run/media/adrianabadin/code/3eraEntregaDF/src/services/ProductsDao.js:25:54)
      at process.processTicksAndRejections (node:internal/process/task_queues:95:5)
      at async file:///run/media/adrianabadin/code/3eraEntregaDF/src/routes/addproduct.js:11:20,
  product: { name: undefined, price: 1, rate: 1, description: undefined },
  timestamp: '2023-03-07T23:21:24.599Z',
  label: 'e-Commerce Backend Debuger'
}
