{
  level: 'warn',
  message: 'Cart ID ',
  id: '6409faf501f1e80dadba60cf',
  timestamp: '2023-03-09T15:29:35.468Z',
  label: 'e-Commerce Backend Debuger'
}
{
  level: 'warn',
  message: 'ID :',
  id: '6409faf501f1e80dadba60cf',
  timestamp: '2023-03-09T15:29:35.470Z',
  label: 'e-Commerce Backend Debuger'
}
{
  level: 'warn',
  message: 'Cart ID ',
  id: '6409faf501f1e80dadba60cf',
  timestamp: '2023-03-09T15:29:36.650Z',
  label: 'e-Commerce Backend Debuger'
}
{
  level: 'warn',
  message: 'ID :',
  id: '6409faf501f1e80dadba60cf',
  timestamp: '2023-03-09T15:29:36.652Z',
  label: 'e-Commerce Backend Debuger'
}
{
  level: 'warn',
  message: 'Cart ID ',
  id: '6409faf501f1e80dadba60cf',
  timestamp: '2023-03-09T15:29:37.020Z',
  label: 'e-Commerce Backend Debuger'
}
{
  level: 'warn',
  message: 'ID :',
  id: '6409faf501f1e80dadba60cf',
  timestamp: '2023-03-09T15:29:37.021Z',
  label: 'e-Commerce Backend Debuger'
}
{
  level: 'warn',
  message: 'Cart ID ',
  id: '6409faf501f1e80dadba60cf',
  timestamp: '2023-03-09T15:29:37.477Z',
  label: 'e-Commerce Backend Debuger'
}
{
  level: 'warn',
  message: 'ID :',
  id: '6409faf501f1e80dadba60cf',
  timestamp: '2023-03-09T15:29:37.478Z',
  label: 'e-Commerce Backend Debuger'
}
{
  level: 'warn',
  message: 'Cart ID ',
  id: '6409faf501f1e80dadba60cf',
  timestamp: '2023-03-09T15:29:37.856Z',
  label: 'e-Commerce Backend Debuger'
}
{
  level: 'warn',
  message: 'ID :',
  id: '6409faf501f1e80dadba60cf',
  timestamp: '2023-03-09T15:29:37.858Z',
  label: 'e-Commerce Backend Debuger'
}
{
  level: 'warn',
  message: 'Cart ID ',
  id: '6409faf501f1e80dadba60cf',
  timestamp: '2023-03-09T15:29:38.291Z',
  label: 'e-Commerce Backend Debuger'
}
{
  level: 'warn',
  message: 'ID :',
  id: '6409faf501f1e80dadba60cf',
  timestamp: '2023-03-09T15:29:38.293Z',
  label: 'e-Commerce Backend Debuger'
}
{
  level: 'warn',
  message: 'Cart ID ',
  id: '6409faf501f1e80dadba60cf',
  timestamp: '2023-03-09T15:29:38.662Z',
  label: 'e-Commerce Backend Debuger'
}
{
  level: 'warn',
  message: 'ID :',
  id: '6409faf501f1e80dadba60cf',
  timestamp: '2023-03-09T15:29:38.663Z',
  label: 'e-Commerce Backend Debuger'
}
{
  level: 'warn',
  message: 'Cart ID ',
  id: '6409faf501f1e80dadba60cf',
  timestamp: '2023-03-09T15:29:38.971Z',
  label: 'e-Commerce Backend Debuger'
}
{
  level: 'warn',
  message: 'ID :',
  id: '6409faf501f1e80dadba60cf',
  timestamp: '2023-03-09T15:29:38.971Z',
  label: 'e-Commerce Backend Debuger'
}
{
  level: 'warn',
  message: 'Cart ID ',
  id: '6409faf501f1e80dadba60cf',
  timestamp: '2023-03-09T15:29:39.654Z',
  label: 'e-Commerce Backend Debuger'
}
{
  level: 'warn',
  message: 'ID :',
  id: '6409faf501f1e80dadba60cf',
  timestamp: '2023-03-09T15:29:39.655Z',
  label: 'e-Commerce Backend Debuger'
}
{
  level: 'warn',
  message: 'Cart ID ',
  id: '6409faf501f1e80dadba60cf',
  timestamp: '2023-03-09T15:29:40.009Z',
  label: 'e-Commerce Backend Debuger'
}
{
  level: 'warn',
  message: 'ID :',
  id: '6409faf501f1e80dadba60cf',
  timestamp: '2023-03-09T15:29:40.009Z',
  label: 'e-Commerce Backend Debuger'
}
{
  level: 'warn',
  message: 'Cart ID ',
  id: '6409faf501f1e80dadba60cf',
  timestamp: '2023-03-09T15:34:26.174Z',
  label: 'e-Commerce Backend Debuger'
}
{
  level: 'warn',
  message: 'ID :',
  id: '6409faf501f1e80dadba60cf',
  timestamp: '2023-03-09T15:34:26.177Z',
  label: 'e-Commerce Backend Debuger'
}
{
  level: 'warn',
  message: 'Cart ID ',
  id: '6409faf501f1e80dadba60cf',
  timestamp: '2023-03-09T15:34:27.264Z',
  label: 'e-Commerce Backend Debuger'
}
{
  level: 'warn',
  message: 'ID :',
  id: '6409faf501f1e80dadba60cf',
  timestamp: '2023-03-09T15:34:27.265Z',
  label: 'e-Commerce Backend Debuger'
}
{
  level: 'warn',
  message: 'Cart ID ',
  id: '6409faf501f1e80dadba60cf',
  timestamp: '2023-03-09T15:34:27.631Z',
  label: 'e-Commerce Backend Debuger'
}
{
  level: 'warn',
  message: 'ID :',
  id: '6409faf501f1e80dadba60cf',
  timestamp: '2023-03-09T15:34:27.631Z',
  label: 'e-Commerce Backend Debuger'
}
{
  level: 'warn',
  message: 'Cart ID ',
  id: '6409faf501f1e80dadba60cf',
  timestamp: '2023-03-09T15:34:28.047Z',
  label: 'e-Commerce Backend Debuger'
}
{
  level: 'warn',
  message: 'ID :',
  id: '6409faf501f1e80dadba60cf',
  timestamp: '2023-03-09T15:34:28.048Z',
  label: 'e-Commerce Backend Debuger'
}
{
  level: 'warn',
  message: 'Cart ID ',
  id: '6409faf501f1e80dadba60cf',
  timestamp: '2023-03-09T15:34:28.434Z',
  label: 'e-Commerce Backend Debuger'
}
{
  level: 'warn',
  message: 'ID :',
  id: '6409faf501f1e80dadba60cf',
  timestamp: '2023-03-09T15:34:28.434Z',
  label: 'e-Commerce Backend Debuger'
}
{
  level: 'warn',
  message: 'Cart ID ',
  id: '6409faf501f1e80dadba60cf',
  timestamp: '2023-03-09T15:34:28.843Z',
  label: 'e-Commerce Backend Debuger'
}
{
  level: 'warn',
  message: 'ID :',
  id: '6409faf501f1e80dadba60cf',
  timestamp: '2023-03-09T15:34:28.844Z',
  label: 'e-Commerce Backend Debuger'
}
{
  level: 'warn',
  message: 'Cart ID ',
  id: '6409faf501f1e80dadba60cf',
  timestamp: '2023-03-09T15:34:29.214Z',
  label: 'e-Commerce Backend Debuger'
}
{
  level: 'warn',
  message: 'ID :',
  id: '6409faf501f1e80dadba60cf',
  timestamp: '2023-03-09T15:34:29.216Z',
  label: 'e-Commerce Backend Debuger'
}
{
  level: 'warn',
  message: 'Cart ID ',
  id: '6409faf501f1e80dadba60cf',
  timestamp: '2023-03-09T15:34:29.679Z',
  label: 'e-Commerce Backend Debuger'
}
{
  level: 'warn',
  message: 'ID :',
  id: '6409faf501f1e80dadba60cf',
  timestamp: '2023-03-09T15:34:29.680Z',
  label: 'e-Commerce Backend Debuger'
}
{
  level: 'warn',
  message: 'Cart ID ',
  id: '6409faf501f1e80dadba60cf',
  timestamp: '2023-03-09T15:34:30.116Z',
  label: 'e-Commerce Backend Debuger'
}
{
  level: 'warn',
  message: 'ID :',
  id: '6409faf501f1e80dadba60cf',
  timestamp: '2023-03-09T15:34:30.117Z',
  label: 'e-Commerce Backend Debuger'
}
{
  level: 'warn',
  message: 'Cart ID ',
  id: '6409faf501f1e80dadba60cf',
  timestamp: '2023-03-09T15:34:30.423Z',
  label: 'e-Commerce Backend Debuger'
}
{
  level: 'warn',
  message: 'ID :',
  id: '6409faf501f1e80dadba60cf',
  timestamp: '2023-03-09T15:34:30.424Z',
  label: 'e-Commerce Backend Debuger'
}
{
  level: 'warn',
  message: 'Cart ID ',
  id: '6409faf501f1e80dadba60cf',
  timestamp: '2023-03-09T15:34:30.717Z',
  label: 'e-Commerce Backend Debuger'
}
{
  level: 'warn',
  message: 'ID :',
  id: '6409faf501f1e80dadba60cf',
  timestamp: '2023-03-09T15:34:30.718Z',
  label: 'e-Commerce Backend Debuger'
}
{
  level: 'warn',
  message: 'Cart ID ',
  id: '6409faf501f1e80dadba60cf',
  timestamp: '2023-03-09T15:34:30.984Z',
  label: 'e-Commerce Backend Debuger'
}
{
  level: 'warn',
  message: 'ID :',
  id: '6409faf501f1e80dadba60cf',
  timestamp: '2023-03-09T15:34:30.986Z',
  label: 'e-Commerce Backend Debuger'
}
{
  level: 'warn',
  message: 'Cart ID ',
  id: '6409faf501f1e80dadba60cf',
  timestamp: '2023-03-09T15:34:31.428Z',
  label: 'e-Commerce Backend Debuger'
}
{
  level: 'warn',
  message: 'ID :',
  id: '6409faf501f1e80dadba60cf',
  timestamp: '2023-03-09T15:34:31.429Z',
  label: 'e-Commerce Backend Debuger'
}
{
  level: 'warn',
  message: 'Cart ID ',
  id: '6409faf501f1e80dadba60cf',
  timestamp: '2023-03-09T15:34:31.755Z',
  label: 'e-Commerce Backend Debuger'
}
{
  level: 'warn',
  message: 'ID :',
  id: '6409faf501f1e80dadba60cf',
  timestamp: '2023-03-09T15:34:31.755Z',
  label: 'e-Commerce Backend Debuger'
}
{
  level: 'warn',
  message: 'Cart ID ',
  id: '6409faf501f1e80dadba60cf',
  timestamp: '2023-03-09T15:34:32.137Z',
  label: 'e-Commerce Backend Debuger'
}
{
  level: 'warn',
  message: 'ID :',
  id: '6409faf501f1e80dadba60cf',
  timestamp: '2023-03-09T15:34:32.138Z',
  label: 'e-Commerce Backend Debuger'
}
{
  level: 'warn',
  message: 'Cart ID ',
  id: '6409faf501f1e80dadba60cf',
  timestamp: '2023-03-09T15:34:32.502Z',
  label: 'e-Commerce Backend Debuger'
}
{
  level: 'warn',
  message: 'ID :',
  id: '6409faf501f1e80dadba60cf',
  timestamp: '2023-03-09T15:34:32.503Z',
  label: 'e-Commerce Backend Debuger'
}
{
  level: 'warn',
  message: 'Cart ID ',
  id: '6409faf501f1e80dadba60cf',
  timestamp: '2023-03-09T15:34:32.902Z',
  label: 'e-Commerce Backend Debuger'
}
{
  level: 'warn',
  message: 'ID :',
  id: '6409faf501f1e80dadba60cf',
  timestamp: '2023-03-09T15:34:32.903Z',
  label: 'e-Commerce Backend Debuger'
}
{
  level: 'warn',
  message: 'Cart ID ',
  id: '6409faf501f1e80dadba60cf',
  timestamp: '2023-03-09T15:34:33.234Z',
  label: 'e-Commerce Backend Debuger'
}
{
  level: 'warn',
  message: 'ID :',
  id: '6409faf501f1e80dadba60cf',
  timestamp: '2023-03-09T15:34:33.235Z',
  label: 'e-Commerce Backend Debuger'
}
{
  level: 'warn',
  message: 'Cart ID ',
  id: '6409faf501f1e80dadba60cf',
  timestamp: '2023-03-09T15:34:33.669Z',
  label: 'e-Commerce Backend Debuger'
}
{
  level: 'warn',
  message: 'ID :',
  id: '6409faf501f1e80dadba60cf',
  timestamp: '2023-03-09T15:34:33.669Z',
  label: 'e-Commerce Backend Debuger'
}
{
  level: 'warn',
  message: 'Cart ID ',
  id: '6409faf501f1e80dadba60cf',
  timestamp: '2023-03-09T15:34:34.103Z',
  label: 'e-Commerce Backend Debuger'
}
{
  level: 'warn',
  message: 'ID :',
  id: '6409faf501f1e80dadba60cf',
  timestamp: '2023-03-09T15:34:34.103Z',
  label: 'e-Commerce Backend Debuger'
}
{
  level: 'warn',
  message: 'Cart ID ',
  id: '6409faf501f1e80dadba60cf',
  timestamp: '2023-03-09T15:34:35.564Z',
  label: 'e-Commerce Backend Debuger'
}
{
  level: 'warn',
  message: 'ID :',
  id: '6409faf501f1e80dadba60cf',
  timestamp: '2023-03-09T15:34:35.565Z',
  label: 'e-Commerce Backend Debuger'
}
{
  level: 'warn',
  message: 'Cart ID ',
  id: '6409faf501f1e80dadba60cf',
  timestamp: '2023-03-09T15:34:35.995Z',
  label: 'e-Commerce Backend Debuger'
}
{
  level: 'warn',
  message: 'ID :',
  id: '6409faf501f1e80dadba60cf',
  timestamp: '2023-03-09T15:34:35.996Z',
  label: 'e-Commerce Backend Debuger'
}
{
  level: 'warn',
  message: 'Cart ID ',
  id: '6409faf501f1e80dadba60cf',
  timestamp: '2023-03-09T15:35:36.871Z',
  label: 'e-Commerce Backend Debuger'
}
{
  level: 'warn',
  message: 'ID :',
  id: '6409faf501f1e80dadba60cf',
  timestamp: '2023-03-09T15:35:36.872Z',
  label: 'e-Commerce Backend Debuger'
}
{
  level: 'warn',
  message: 'Cart ID ',
  id: null,
  timestamp: '2023-03-09T15:50:36.158Z',
  label: 'e-Commerce Backend Debuger'
}
{
  level: 'warn',
  message: 'Cart ID ',
  id: null,
  timestamp: '2023-03-09T15:50:59.033Z',
  label: 'e-Commerce Backend Debuger'
}
{
  level: 'warn',
  message: 'Cart ID ',
  id: null,
  timestamp: '2023-03-09T17:34:37.477Z',
  label: 'e-Commerce Backend Debuger'
}
{
  level: 'warn',
  message: 'Cart ID ',
  id: null,
  timestamp: '2023-03-09T17:46:13.971Z',
  label: 'e-Commerce Backend Debuger'
}
{
  level: 'warn',
  message: 'Cart ID ',
  id: '640a1b65fcd304adbd93d561',
  timestamp: '2023-03-09T17:46:17.833Z',
  label: 'e-Commerce Backend Debuger'
}
{
  level: 'warn',
  message: 'ID :',
  id: '640a1b65fcd304adbd93d561',
  timestamp: '2023-03-09T17:46:17.833Z',
  label: 'e-Commerce Backend Debuger'
}
{
  level: 'warn',
  message: 'Cart ID ',
  id: null,
  timestamp: '2023-03-09T19:04:19.024Z',
  label: 'e-Commerce Backend Debuger'
}
{
  level: 'warn',
  message: 'Cart ID ',
  id: null,
  timestamp: '2023-03-09T22:34:23.427Z',
  label: 'e-Commerce Backend Debuger'
}
