{
  message: {
    level: 'debug',
    modelLocal: Model { localCollection },
    modelGoa: Model { goaCollection }
  },
  level: 'debug',
  label: 'Logged by passport-fast-config',
  timestamp: '2023-04-03T00:22:38.445Z'
}
{
  level: 'debug',
  message: 'findById',
  response: null,
  id: '64077e38c0576251242cc910',
  model: Model { goaCollection },
  label: 'Logged by passport-fast-config',
  timestamp: '2023-04-03T00:22:38.529Z'
}
{
  message: {
    level: 'debug',
    model: Model { localCollection },
    schemaType: 'localSchema'
  },
  level: 'debug',
  label: 'Logged by passport-fast-config',
  timestamp: '2023-04-03T14:29:18.138Z'
}
{
  message: {
    level: 'debug',
    model: Model { goaCollection },
    schemaType: 'goaSchema'
  },
  level: 'debug',
  label: 'Logged by passport-fast-config',
  timestamp: '2023-04-03T14:29:18.147Z'
}
{
  level: 'debug',
  message: 'Login Local Strategy',
  label: 'Logged by passport-fast-config',
  timestamp: '2023-04-03T14:29:24.868Z'
}
{
  level: 'debug',
  message: 'findByUserName',
  response: {
    carts: [],
    _id: new ObjectId("64077e38c0576251242cc910"),
    nombre: 'Gandalf ',
    apellido: 'The GRay',
    edad: 1000,
    phone: '21212121',
    avatar: '/images/1678212664103.jpg',
    username: 'gandalf',
    password: '$2b$10$Ucd4ZAGeix6xKYIIcZb99OYN1pcqVmjWbcrYZv99fU75cQQphgqHy',
    isVerified: true,
    __v: 0
  },
  label: 'Logged by passport-fast-config',
  timestamp: '2023-04-03T14:29:24.958Z'
}
{
  level: 'debug',
  message: 'Login User Data',
  data: {
    carts: [],
    _id: new ObjectId("64077e38c0576251242cc910"),
    nombre: 'Gandalf ',
    apellido: 'The GRay',
    edad: 1000,
    phone: '21212121',
    avatar: '/images/1678212664103.jpg',
    username: 'gandalf',
    password: '$2b$10$Ucd4ZAGeix6xKYIIcZb99OYN1pcqVmjWbcrYZv99fU75cQQphgqHy',
    isVerified: true,
    __v: 0
  },
  label: 'Logged by passport-fast-config',
  timestamp: '2023-04-03T14:29:24.960Z'
}
{
  message: {
    level: 'debug',
    model1: Model { localCollection },
    model2: Model { goaCollection }
  },
  level: 'debug',
  label: 'Logged by passport-fast-config',
  timestamp: '2023-04-03T14:29:25.624Z'
}
{
  level: 'debug',
  message: 'findById',
  response: {
    carts: [],
    _id: new ObjectId("64077e38c0576251242cc910"),
    nombre: 'Gandalf ',
    apellido: 'The GRay',
    edad: 1000,
    phone: '21212121',
    avatar: '/images/1678212664103.jpg',
    username: 'gandalf',
    password: '$2b$10$Ucd4ZAGeix6xKYIIcZb99OYN1pcqVmjWbcrYZv99fU75cQQphgqHy',
    isVerified: true,
    __v: 0
  },
  id: '64077e38c0576251242cc910',
  model: Model { localCollection },
  label: 'Logged by passport-fast-config',
  timestamp: '2023-04-03T14:29:25.688Z'
}
{
  message: {
    level: 'debug',
    model: Model { localCollection },
    schemaType: 'localSchema'
  },
  level: 'debug',
  label: 'Logged by passport-fast-config',
  timestamp: '2023-04-03T14:34:43.604Z'
}
{
  message: {
    level: 'debug',
    model: Model { goaCollection },
    schemaType: 'goaSchema'
  },
  level: 'debug',
  label: 'Logged by passport-fast-config',
  timestamp: '2023-04-03T14:34:43.617Z'
}
{
  message: {
    level: 'debug',
    model1: Model { localCollection },
    model2: Model { goaCollection }
  },
  level: 'debug',
  label: 'Logged by passport-fast-config',
  timestamp: '2023-04-03T14:34:48.158Z'
}
{
  level: 'debug',
  message: 'findById',
  response: {
    carts: [],
    _id: new ObjectId("64077e38c0576251242cc910"),
    nombre: 'Gandalf ',
    apellido: 'The GRay',
    edad: 1000,
    phone: '21212121',
    avatar: '/images/1678212664103.jpg',
    username: 'gandalf',
    password: '$2b$10$Ucd4ZAGeix6xKYIIcZb99OYN1pcqVmjWbcrYZv99fU75cQQphgqHy',
    isVerified: true,
    __v: 0
  },
  id: '64077e38c0576251242cc910',
  model: Model { localCollection },
  label: 'Logged by passport-fast-config',
  timestamp: '2023-04-03T14:34:48.290Z'
}
{
  message: {
    level: 'debug',
    model1: Model { localCollection },
    model2: Model { goaCollection }
  },
  level: 'debug',
  label: 'Logged by passport-fast-config',
  timestamp: '2023-04-03T14:34:48.874Z'
}
{
  level: 'debug',
  message: 'findById',
  response: {
    carts: [],
    _id: new ObjectId("64077e38c0576251242cc910"),
    nombre: 'Gandalf ',
    apellido: 'The GRay',
    edad: 1000,
    phone: '21212121',
    avatar: '/images/1678212664103.jpg',
    username: 'gandalf',
    password: '$2b$10$Ucd4ZAGeix6xKYIIcZb99OYN1pcqVmjWbcrYZv99fU75cQQphgqHy',
    isVerified: true,
    __v: 0
  },
  id: '64077e38c0576251242cc910',
  model: Model { localCollection },
  label: 'Logged by passport-fast-config',
  timestamp: '2023-04-03T14:34:48.961Z'
}
{
  message: {
    level: 'debug',
    model1: Model { localCollection },
    model2: Model { goaCollection }
  },
  level: 'debug',
  label: 'Logged by passport-fast-config',
  timestamp: '2023-04-03T14:34:52.546Z'
}
{
  level: 'debug',
  message: 'findById',
  response: {
    carts: [],
    _id: new ObjectId("64077e38c0576251242cc910"),
    nombre: 'Gandalf ',
    apellido: 'The GRay',
    edad: 1000,
    phone: '21212121',
    avatar: '/images/1678212664103.jpg',
    username: 'gandalf',
    password: '$2b$10$Ucd4ZAGeix6xKYIIcZb99OYN1pcqVmjWbcrYZv99fU75cQQphgqHy',
    isVerified: true,
    __v: 0
  },
  id: '64077e38c0576251242cc910',
  model: Model { localCollection },
  label: 'Logged by passport-fast-config',
  timestamp: '2023-04-03T14:34:52.605Z'
}
{
  level: 'debug',
  message: 'Login Local Strategy',
  label: 'Logged by passport-fast-config',
  timestamp: '2023-04-03T14:34:58.597Z'
}
{
  level: 'debug',
  message: 'findByUserName',
  response: {
    carts: [],
    _id: new ObjectId("64077e38c0576251242cc910"),
    nombre: 'Gandalf ',
    apellido: 'The GRay',
    edad: 1000,
    phone: '21212121',
    avatar: '/images/1678212664103.jpg',
    username: 'gandalf',
    password: '$2b$10$Ucd4ZAGeix6xKYIIcZb99OYN1pcqVmjWbcrYZv99fU75cQQphgqHy',
    isVerified: true,
    __v: 0
  },
  label: 'Logged by passport-fast-config',
  timestamp: '2023-04-03T14:34:58.665Z'
}
{
  level: 'debug',
  message: 'Login User Data',
  data: {
    carts: [],
    _id: new ObjectId("64077e38c0576251242cc910"),
    nombre: 'Gandalf ',
    apellido: 'The GRay',
    edad: 1000,
    phone: '21212121',
    avatar: '/images/1678212664103.jpg',
    username: 'gandalf',
    password: '$2b$10$Ucd4ZAGeix6xKYIIcZb99OYN1pcqVmjWbcrYZv99fU75cQQphgqHy',
    isVerified: true,
    __v: 0
  },
  label: 'Logged by passport-fast-config',
  timestamp: '2023-04-03T14:34:58.667Z'
}
{
  message: {
    level: 'debug',
    model1: Model { localCollection },
    model2: Model { goaCollection }
  },
  level: 'debug',
  label: 'Logged by passport-fast-config',
  timestamp: '2023-04-03T14:34:58.954Z'
}
{
  level: 'debug',
  message: 'findById',
  response: {
    carts: [],
    _id: new ObjectId("64077e38c0576251242cc910"),
    nombre: 'Gandalf ',
    apellido: 'The GRay',
    edad: 1000,
    phone: '21212121',
    avatar: '/images/1678212664103.jpg',
    username: 'gandalf',
    password: '$2b$10$Ucd4ZAGeix6xKYIIcZb99OYN1pcqVmjWbcrYZv99fU75cQQphgqHy',
    isVerified: true,
    __v: 0
  },
  id: '64077e38c0576251242cc910',
  model: Model { localCollection },
  label: 'Logged by passport-fast-config',
  timestamp: '2023-04-03T14:34:59.042Z'
}
{
  message: {
    level: 'debug',
    model1: Model { localCollection },
    model2: Model { goaCollection }
  },
  level: 'debug',
  label: 'Logged by passport-fast-config',
  timestamp: '2023-04-03T14:34:59.267Z'
}
{
  level: 'debug',
  message: 'findById',
  response: {
    carts: [],
    _id: new ObjectId("64077e38c0576251242cc910"),
    nombre: 'Gandalf ',
    apellido: 'The GRay',
    edad: 1000,
    phone: '21212121',
    avatar: '/images/1678212664103.jpg',
    username: 'gandalf',
    password: '$2b$10$Ucd4ZAGeix6xKYIIcZb99OYN1pcqVmjWbcrYZv99fU75cQQphgqHy',
    isVerified: true,
    __v: 0
  },
  id: '64077e38c0576251242cc910',
  model: Model { localCollection },
  label: 'Logged by passport-fast-config',
  timestamp: '2023-04-03T14:34:59.408Z'
}
{
  message: {
    level: 'debug',
    model1: Model { localCollection },
    model2: Model { goaCollection }
  },
  level: 'debug',
  label: 'Logged by passport-fast-config',
  timestamp: '2023-04-03T14:35:09.813Z'
}
{
  level: 'debug',
  message: 'findById',
  response: {
    carts: [],
    _id: new ObjectId("64077e38c0576251242cc910"),
    nombre: 'Gandalf ',
    apellido: 'The GRay',
    edad: 1000,
    phone: '21212121',
    avatar: '/images/1678212664103.jpg',
    username: 'gandalf',
    password: '$2b$10$Ucd4ZAGeix6xKYIIcZb99OYN1pcqVmjWbcrYZv99fU75cQQphgqHy',
    isVerified: true,
    __v: 0
  },
  id: '64077e38c0576251242cc910',
  model: Model { localCollection },
  label: 'Logged by passport-fast-config',
  timestamp: '2023-04-03T14:35:09.877Z'
}
{
  level: 'debug',
  message: 'findByUserName',
  response: {
    _id: new ObjectId("642a070da1d8754675757845"),
    avatar: 'https://lh3.googleusercontent.com/a/AGNmyxZicb7GRxxZ2F4v1VhYjV6SF75qstjVOFJ0fVOocg=s96-c',
    carts: [],
    username: 'aabadin@gmail.com',
    name: 'Adrian',
    age: 42,
    birthdays: 1980-08-11T03:00:00.000Z,
    genders: 'male',
    organizations: [
      {
        metadata: {
          primary: true,
          source: { type: 'PROFILE', id: '106124197220253993275' }
        },
        type: 'school',
        formattedType: 'School',
        name: 'UBA'
      },
      {
        metadata: { source: { type: 'PROFILE', id: '106124197220253993275' } },
        type: 'school',
        formattedType: 'School',
        startDate: { year: 2008, month: 1, day: 1 },
        endDate: { year: 2011, month: 1, day: 1 },
        name: 'Colegio de Medicos Distrito III',
        title: 'Medico Legista'
      },
      {
        metadata: { source: { type: 'PROFILE', id: '106124197220253993275' } },
        type: 'work',
        formattedType: 'Work',
        startDate: { year: 2011, month: 1, day: 1 },
        endDate: { year: 2011, month: 1, day: 1 },
        current: true,
        name: 'Grupo Ayuda Medica',
        title: 'Medico'
      },
      {
        metadata: { source: { type: 'PROFILE', id: '106124197220253993275' } },
        type: 'work',
        formattedType: 'Work',
        endDate: { year: 2011, month: 1, day: 1 },
        current: true,
        name: 'CPMG SA'
      },
      {
        metadata: { source: { type: 'PROFILE', id: '106124197220253993275' } },
        type: 'work',
        formattedType: 'Work',
        startDate: { year: 2009, month: 1, day: 1 },
        endDate: { year: 2010, month: 1, day: 1 },
        name: 'Bridgestone SAIC',
        title: 'Medico'
      }
    ],
    __v: 0
  },
  label: 'Logged by passport-fast-config',
  timestamp: '2023-04-03T14:35:17.741Z'
}
{
  message: {
    level: 'debug',
    method: 'Login and Register GoogleoAuth',
    data: {
      _id: new ObjectId("642a070da1d8754675757845"),
      avatar: 'https://lh3.googleusercontent.com/a/AGNmyxZicb7GRxxZ2F4v1VhYjV6SF75qstjVOFJ0fVOocg=s96-c',
      carts: [],
      username: 'aabadin@gmail.com',
      name: 'Adrian',
      age: 42,
      birthdays: 1980-08-11T03:00:00.000Z,
      genders: 'male',
      organizations: [
        {
          metadata: {
            primary: true,
            source: { type: 'PROFILE', id: '106124197220253993275' }
          },
          type: 'school',
          formattedType: 'School',
          name: 'UBA'
        },
        {
          metadata: { source: { type: 'PROFILE', id: '106124197220253993275' } },
          type: 'school',
          formattedType: 'School',
          startDate: { year: 2008, month: 1, day: 1 },
          endDate: { year: 2011, month: 1, day: 1 },
          name: 'Colegio de Medicos Distrito III',
          title: 'Medico Legista'
        },
        {
          metadata: { source: { type: 'PROFILE', id: '106124197220253993275' } },
          type: 'work',
          formattedType: 'Work',
          startDate: { year: 2011, month: 1, day: 1 },
          endDate: { year: 2011, month: 1, day: 1 },
          current: true,
          name: 'Grupo Ayuda Medica',
          title: 'Medico'
        },
        {
          metadata: { source: { type: 'PROFILE', id: '106124197220253993275' } },
          type: 'work',
          formattedType: 'Work',
          endDate: { year: 2011, month: 1, day: 1 },
          current: true,
          name: 'CPMG SA'
        },
        {
          metadata: { source: { type: 'PROFILE', id: '106124197220253993275' } },
          type: 'work',
          formattedType: 'Work',
          startDate: { year: 2009, month: 1, day: 1 },
          endDate: { year: 2010, month: 1, day: 1 },
          name: 'Bridgestone SAIC',
          title: 'Medico'
        }
      ],
      __v: 0
    }
  },
  level: 'debug',
  label: 'Logged by passport-fast-config',
  timestamp: '2023-04-03T14:35:17.747Z'
}
{
  message: {
    level: 'debug',
    model1: Model { localCollection },
    model2: Model { goaCollection }
  },
  level: 'debug',
  label: 'Logged by passport-fast-config',
  timestamp: '2023-04-03T14:35:18.009Z'
}
{
  level: 'debug',
  message: 'findById',
  response: null,
  id: '642a070da1d8754675757845',
  model: Model { localCollection },
  label: 'Logged by passport-fast-config',
  timestamp: '2023-04-03T14:35:18.130Z'
}
{
  level: 'debug',
  message: 'findById',
  response: {
    _id: new ObjectId("642a070da1d8754675757845"),
    avatar: 'https://lh3.googleusercontent.com/a/AGNmyxZicb7GRxxZ2F4v1VhYjV6SF75qstjVOFJ0fVOocg=s96-c',
    carts: [],
    username: 'aabadin@gmail.com',
    name: 'Adrian',
    age: 42,
    birthdays: 1980-08-11T03:00:00.000Z,
    genders: 'male',
    organizations: [
      {
        metadata: {
          primary: true,
          source: { type: 'PROFILE', id: '106124197220253993275' }
        },
        type: 'school',
        formattedType: 'School',
        name: 'UBA'
      },
      {
        metadata: { source: { type: 'PROFILE', id: '106124197220253993275' } },
        type: 'school',
        formattedType: 'School',
        startDate: { year: 2008, month: 1, day: 1 },
        endDate: { year: 2011, month: 1, day: 1 },
        name: 'Colegio de Medicos Distrito III',
        title: 'Medico Legista'
      },
      {
        metadata: { source: { type: 'PROFILE', id: '106124197220253993275' } },
        type: 'work',
        formattedType: 'Work',
        startDate: { year: 2011, month: 1, day: 1 },
        endDate: { year: 2011, month: 1, day: 1 },
        current: true,
        name: 'Grupo Ayuda Medica',
        title: 'Medico'
      },
      {
        metadata: { source: { type: 'PROFILE', id: '106124197220253993275' } },
        type: 'work',
        formattedType: 'Work',
        endDate: { year: 2011, month: 1, day: 1 },
        current: true,
        name: 'CPMG SA'
      },
      {
        metadata: { source: { type: 'PROFILE', id: '106124197220253993275' } },
        type: 'work',
        formattedType: 'Work',
        startDate: { year: 2009, month: 1, day: 1 },
        endDate: { year: 2010, month: 1, day: 1 },
        name: 'Bridgestone SAIC',
        title: 'Medico'
      }
    ],
    __v: 0
  },
  id: '642a070da1d8754675757845',
  model: Model { goaCollection },
  label: 'Logged by passport-fast-config',
  timestamp: '2023-04-03T14:35:18.206Z'
}
{
  message: {
    level: 'debug',
    model1: Model { localCollection },
    model2: Model { goaCollection }
  },
  level: 'debug',
  label: 'Logged by passport-fast-config',
  timestamp: '2023-04-03T14:35:18.898Z'
}
{
  level: 'debug',
  message: 'findById',
  response: null,
  id: '642a070da1d8754675757845',
  model: Model { localCollection },
  label: 'Logged by passport-fast-config',
  timestamp: '2023-04-03T14:35:18.973Z'
}
{
  level: 'debug',
  message: 'findById',
  response: {
    _id: new ObjectId("642a070da1d8754675757845"),
    avatar: 'https://lh3.googleusercontent.com/a/AGNmyxZicb7GRxxZ2F4v1VhYjV6SF75qstjVOFJ0fVOocg=s96-c',
    carts: [],
    username: 'aabadin@gmail.com',
    name: 'Adrian',
    age: 42,
    birthdays: 1980-08-11T03:00:00.000Z,
    genders: 'male',
    organizations: [
      {
        metadata: {
          primary: true,
          source: { type: 'PROFILE', id: '106124197220253993275' }
        },
        type: 'school',
        formattedType: 'School',
        name: 'UBA'
      },
      {
        metadata: { source: { type: 'PROFILE', id: '106124197220253993275' } },
        type: 'school',
        formattedType: 'School',
        startDate: { year: 2008, month: 1, day: 1 },
        endDate: { year: 2011, month: 1, day: 1 },
        name: 'Colegio de Medicos Distrito III',
        title: 'Medico Legista'
      },
      {
        metadata: { source: { type: 'PROFILE', id: '106124197220253993275' } },
        type: 'work',
        formattedType: 'Work',
        startDate: { year: 2011, month: 1, day: 1 },
        endDate: { year: 2011, month: 1, day: 1 },
        current: true,
        name: 'Grupo Ayuda Medica',
        title: 'Medico'
      },
      {
        metadata: { source: { type: 'PROFILE', id: '106124197220253993275' } },
        type: 'work',
        formattedType: 'Work',
        endDate: { year: 2011, month: 1, day: 1 },
        current: true,
        name: 'CPMG SA'
      },
      {
        metadata: { source: { type: 'PROFILE', id: '106124197220253993275' } },
        type: 'work',
        formattedType: 'Work',
        startDate: { year: 2009, month: 1, day: 1 },
        endDate: { year: 2010, month: 1, day: 1 },
        name: 'Bridgestone SAIC',
        title: 'Medico'
      }
    ],
    __v: 0
  },
  id: '642a070da1d8754675757845',
  model: Model { goaCollection },
  label: 'Logged by passport-fast-config',
  timestamp: '2023-04-03T14:35:19.042Z'
}
{
  message: {
    level: 'debug',
    model1: Model { localCollection },
    model2: Model { goaCollection }
  },
  level: 'debug',
  label: 'Logged by passport-fast-config',
  timestamp: '2023-04-03T14:35:27.694Z'
}
{
  level: 'debug',
  message: 'findById',
  response: null,
  id: '642a070da1d8754675757845',
  model: Model { localCollection },
  label: 'Logged by passport-fast-config',
  timestamp: '2023-04-03T14:35:27.753Z'
}
{
  level: 'debug',
  message: 'findById',
  response: {
    _id: new ObjectId("642a070da1d8754675757845"),
    avatar: 'https://lh3.googleusercontent.com/a/AGNmyxZicb7GRxxZ2F4v1VhYjV6SF75qstjVOFJ0fVOocg=s96-c',
    carts: [],
    username: 'aabadin@gmail.com',
    name: 'Adrian',
    age: 42,
    birthdays: 1980-08-11T03:00:00.000Z,
    genders: 'male',
    organizations: [
      {
        metadata: {
          primary: true,
          source: { type: 'PROFILE', id: '106124197220253993275' }
        },
        type: 'school',
        formattedType: 'School',
        name: 'UBA'
      },
      {
        metadata: { source: { type: 'PROFILE', id: '106124197220253993275' } },
        type: 'school',
        formattedType: 'School',
        startDate: { year: 2008, month: 1, day: 1 },
        endDate: { year: 2011, month: 1, day: 1 },
        name: 'Colegio de Medicos Distrito III',
        title: 'Medico Legista'
      },
      {
        metadata: { source: { type: 'PROFILE', id: '106124197220253993275' } },
        type: 'work',
        formattedType: 'Work',
        startDate: { year: 2011, month: 1, day: 1 },
        endDate: { year: 2011, month: 1, day: 1 },
        current: true,
        name: 'Grupo Ayuda Medica',
        title: 'Medico'
      },
      {
        metadata: { source: { type: 'PROFILE', id: '106124197220253993275' } },
        type: 'work',
        formattedType: 'Work',
        endDate: { year: 2011, month: 1, day: 1 },
        current: true,
        name: 'CPMG SA'
      },
      {
        metadata: { source: { type: 'PROFILE', id: '106124197220253993275' } },
        type: 'work',
        formattedType: 'Work',
        startDate: { year: 2009, month: 1, day: 1 },
        endDate: { year: 2010, month: 1, day: 1 },
        name: 'Bridgestone SAIC',
        title: 'Medico'
      }
    ],
    __v: 0
  },
  id: '642a070da1d8754675757845',
  model: Model { goaCollection },
  label: 'Logged by passport-fast-config',
  timestamp: '2023-04-03T14:35:27.807Z'
}
{
  level: 'debug',
  message: 'Login Local Strategy',
  label: 'Logged by passport-fast-config',
  timestamp: '2023-04-03T14:35:31.926Z'
}
{
  level: 'debug',
  message: 'findByUserName',
  response: {
    carts: [],
    _id: new ObjectId("64077e38c0576251242cc910"),
    nombre: 'Gandalf ',
    apellido: 'The GRay',
    edad: 1000,
    phone: '21212121',
    avatar: '/images/1678212664103.jpg',
    username: 'gandalf',
    password: '$2b$10$Ucd4ZAGeix6xKYIIcZb99OYN1pcqVmjWbcrYZv99fU75cQQphgqHy',
    isVerified: true,
    __v: 0
  },
  label: 'Logged by passport-fast-config',
  timestamp: '2023-04-03T14:35:31.985Z'
}
{
  level: 'debug',
  message: 'Login User Data',
  data: {
    carts: [],
    _id: new ObjectId("64077e38c0576251242cc910"),
    nombre: 'Gandalf ',
    apellido: 'The GRay',
    edad: 1000,
    phone: '21212121',
    avatar: '/images/1678212664103.jpg',
    username: 'gandalf',
    password: '$2b$10$Ucd4ZAGeix6xKYIIcZb99OYN1pcqVmjWbcrYZv99fU75cQQphgqHy',
    isVerified: true,
    __v: 0
  },
  label: 'Logged by passport-fast-config',
  timestamp: '2023-04-03T14:35:31.986Z'
}
{
  message: {
    level: 'debug',
    model1: Model { localCollection },
    model2: Model { goaCollection }
  },
  level: 'debug',
  label: 'Logged by passport-fast-config',
  timestamp: '2023-04-03T14:35:32.359Z'
}
{
  level: 'debug',
  message: 'findById',
  response: {
    carts: [],
    _id: new ObjectId("64077e38c0576251242cc910"),
    nombre: 'Gandalf ',
    apellido: 'The GRay',
    edad: 1000,
    phone: '21212121',
    avatar: '/images/1678212664103.jpg',
    username: 'gandalf',
    password: '$2b$10$Ucd4ZAGeix6xKYIIcZb99OYN1pcqVmjWbcrYZv99fU75cQQphgqHy',
    isVerified: true,
    __v: 0
  },
  id: '64077e38c0576251242cc910',
  model: Model { localCollection },
  label: 'Logged by passport-fast-config',
  timestamp: '2023-04-03T14:35:32.421Z'
}
{
  message: {
    level: 'debug',
    model1: Model { localCollection },
    model2: Model { goaCollection }
  },
  level: 'debug',
  label: 'Logged by passport-fast-config',
  timestamp: '2023-04-03T14:35:32.582Z'
}
{
  level: 'debug',
  message: 'findById',
  response: {
    carts: [],
    _id: new ObjectId("64077e38c0576251242cc910"),
    nombre: 'Gandalf ',
    apellido: 'The GRay',
    edad: 1000,
    phone: '21212121',
    avatar: '/images/1678212664103.jpg',
    username: 'gandalf',
    password: '$2b$10$Ucd4ZAGeix6xKYIIcZb99OYN1pcqVmjWbcrYZv99fU75cQQphgqHy',
    isVerified: true,
    __v: 0
  },
  id: '64077e38c0576251242cc910',
  model: Model { localCollection },
  label: 'Logged by passport-fast-config',
  timestamp: '2023-04-03T14:35:32.637Z'
}
{
  message: {
    level: 'debug',
    model: Model { localCollection },
    schemaType: 'localSchema'
  },
  level: 'debug',
  label: 'Logged by passport-fast-config',
  timestamp: '2023-04-03T14:38:45.618Z'
}
{
  message: {
    level: 'debug',
    model: Model { goaCollection },
    schemaType: 'goaSchema'
  },
  level: 'debug',
  label: 'Logged by passport-fast-config',
  timestamp: '2023-04-03T14:38:45.630Z'
}
{
  message: {
    level: 'debug',
    model1: Model { localCollection },
    model2: Model { goaCollection }
  },
  level: 'debug',
  label: 'Logged by passport-fast-config',
  timestamp: '2023-04-03T14:38:52.362Z'
}
{
  level: 'debug',
  message: 'findById',
  response: {
    carts: [],
    _id: new ObjectId("64077e38c0576251242cc910"),
    nombre: 'Gandalf ',
    apellido: 'The GRay',
    edad: 1000,
    phone: '21212121',
    avatar: '/images/1678212664103.jpg',
    username: 'gandalf',
    password: '$2b$10$Ucd4ZAGeix6xKYIIcZb99OYN1pcqVmjWbcrYZv99fU75cQQphgqHy',
    isVerified: true,
    __v: 0
  },
  id: '64077e38c0576251242cc910',
  model: Model { localCollection },
  label: 'Logged by passport-fast-config',
  timestamp: '2023-04-03T14:38:52.457Z'
}
{
  level: 'debug',
  message: 'Login Local Strategy',
  label: 'Logged by passport-fast-config',
  timestamp: '2023-04-03T14:39:09.073Z'
}
{
  level: 'debug',
  message: 'findByUserName',
  response: {
    carts: [],
    _id: new ObjectId("64077e38c0576251242cc910"),
    nombre: 'Gandalf ',
    apellido: 'The GRay',
    edad: 1000,
    phone: '21212121',
    avatar: '/images/1678212664103.jpg',
    username: 'gandalf',
    password: '$2b$10$Ucd4ZAGeix6xKYIIcZb99OYN1pcqVmjWbcrYZv99fU75cQQphgqHy',
    isVerified: true,
    __v: 0
  },
  label: 'Logged by passport-fast-config',
  timestamp: '2023-04-03T14:39:09.142Z'
}
{
  level: 'debug',
  message: 'Login User Data',
  data: {
    carts: [],
    _id: new ObjectId("64077e38c0576251242cc910"),
    nombre: 'Gandalf ',
    apellido: 'The GRay',
    edad: 1000,
    phone: '21212121',
    avatar: '/images/1678212664103.jpg',
    username: 'gandalf',
    password: '$2b$10$Ucd4ZAGeix6xKYIIcZb99OYN1pcqVmjWbcrYZv99fU75cQQphgqHy',
    isVerified: true,
    __v: 0
  },
  label: 'Logged by passport-fast-config',
  timestamp: '2023-04-03T14:39:09.143Z'
}
{
  message: {
    level: 'debug',
    model1: Model { localCollection },
    model2: Model { goaCollection }
  },
  level: 'debug',
  label: 'Logged by passport-fast-config',
  timestamp: '2023-04-03T14:39:09.396Z'
}
{
  level: 'debug',
  message: 'findById',
  response: {
    carts: [],
    _id: new ObjectId("64077e38c0576251242cc910"),
    nombre: 'Gandalf ',
    apellido: 'The GRay',
    edad: 1000,
    phone: '21212121',
    avatar: '/images/1678212664103.jpg',
    username: 'gandalf',
    password: '$2b$10$Ucd4ZAGeix6xKYIIcZb99OYN1pcqVmjWbcrYZv99fU75cQQphgqHy',
    isVerified: true,
    __v: 0
  },
  id: '64077e38c0576251242cc910',
  model: Model { localCollection },
  label: 'Logged by passport-fast-config',
  timestamp: '2023-04-03T14:39:09.453Z'
}
{
  message: {
    level: 'debug',
    model1: Model { localCollection },
    model2: Model { goaCollection }
  },
  level: 'debug',
  label: 'Logged by passport-fast-config',
  timestamp: '2023-04-03T14:39:09.782Z'
}
{
  level: 'debug',
  message: 'findById',
  response: {
    carts: [],
    _id: new ObjectId("64077e38c0576251242cc910"),
    nombre: 'Gandalf ',
    apellido: 'The GRay',
    edad: 1000,
    phone: '21212121',
    avatar: '/images/1678212664103.jpg',
    username: 'gandalf',
    password: '$2b$10$Ucd4ZAGeix6xKYIIcZb99OYN1pcqVmjWbcrYZv99fU75cQQphgqHy',
    isVerified: true,
    __v: 0
  },
  id: '64077e38c0576251242cc910',
  model: Model { localCollection },
  label: 'Logged by passport-fast-config',
  timestamp: '2023-04-03T14:39:09.838Z'
}
{
  message: {
    level: 'debug',
    model: Model { localCollection },
    schemaType: 'localSchema'
  },
  level: 'debug',
  label: 'Logged by passport-fast-config',
  timestamp: '2023-04-03T14:41:45.941Z'
}
{
  message: {
    level: 'debug',
    model: Model { goaCollection },
    schemaType: 'goaSchema'
  },
  level: 'debug',
  label: 'Logged by passport-fast-config',
  timestamp: '2023-04-03T14:41:45.950Z'
}
{
  message: {
    level: 'debug',
    model1: Model { localCollection },
    model2: Model { goaCollection }
  },
  level: 'debug',
  label: 'Logged by passport-fast-config',
  timestamp: '2023-04-03T14:41:47.424Z'
}
{
  level: 'debug',
  message: 'findById',
  response: {
    carts: [],
    _id: new ObjectId("64077e38c0576251242cc910"),
    nombre: 'Gandalf ',
    apellido: 'The GRay',
    edad: 1000,
    phone: '21212121',
    avatar: '/images/1678212664103.jpg',
    username: 'gandalf',
    password: '$2b$10$Ucd4ZAGeix6xKYIIcZb99OYN1pcqVmjWbcrYZv99fU75cQQphgqHy',
    isVerified: true,
    __v: 0
  },
  label: 'Logged by passport-fast-config',
  timestamp: '2023-04-03T14:41:47.518Z'
}
{
  level: 'debug',
  message: 'findById',
  response: null,
  label: 'Logged by passport-fast-config',
  timestamp: '2023-04-03T14:41:47.635Z'
}
{
  message: {
    level: 'debug',
    model1: Model { localCollection },
    model2: Model { goaCollection }
  },
  level: 'debug',
  label: 'Logged by passport-fast-config',
  timestamp: '2023-04-03T14:41:47.640Z'
}
{
  level: 'debug',
  message: 'findById',
  response: {
    carts: [],
    _id: new ObjectId("64077e38c0576251242cc910"),
    nombre: 'Gandalf ',
    apellido: 'The GRay',
    edad: 1000,
    phone: '21212121',
    avatar: '/images/1678212664103.jpg',
    username: 'gandalf',
    password: '$2b$10$Ucd4ZAGeix6xKYIIcZb99OYN1pcqVmjWbcrYZv99fU75cQQphgqHy',
    isVerified: true,
    __v: 0
  },
  label: 'Logged by passport-fast-config',
  timestamp: '2023-04-03T14:41:47.735Z'
}
{
  level: 'debug',
  message: 'findById',
  response: null,
  label: 'Logged by passport-fast-config',
  timestamp: '2023-04-03T14:41:47.813Z'
}
{
  level: 'debug',
  message: 'Login Local Strategy',
  label: 'Logged by passport-fast-config',
  timestamp: '2023-04-03T14:41:53.760Z'
}
{
  level: 'debug',
  message: 'findByUserName',
  response: {
    carts: [],
    _id: new ObjectId("64077e38c0576251242cc910"),
    nombre: 'Gandalf ',
    apellido: 'The GRay',
    edad: 1000,
    phone: '21212121',
    avatar: '/images/1678212664103.jpg',
    username: 'gandalf',
    password: '$2b$10$Ucd4ZAGeix6xKYIIcZb99OYN1pcqVmjWbcrYZv99fU75cQQphgqHy',
    isVerified: true,
    __v: 0
  },
  label: 'Logged by passport-fast-config',
  timestamp: '2023-04-03T14:41:53.827Z'
}
{
  level: 'debug',
  message: 'Login User Data',
  data: {
    carts: [],
    _id: new ObjectId("64077e38c0576251242cc910"),
    nombre: 'Gandalf ',
    apellido: 'The GRay',
    edad: 1000,
    phone: '21212121',
    avatar: '/images/1678212664103.jpg',
    username: 'gandalf',
    password: '$2b$10$Ucd4ZAGeix6xKYIIcZb99OYN1pcqVmjWbcrYZv99fU75cQQphgqHy',
    isVerified: true,
    __v: 0
  },
  label: 'Logged by passport-fast-config',
  timestamp: '2023-04-03T14:41:53.831Z'
}
{
  message: {
    level: 'debug',
    model1: Model { localCollection },
    model2: Model { goaCollection }
  },
  level: 'debug',
  label: 'Logged by passport-fast-config',
  timestamp: '2023-04-03T14:41:54.130Z'
}
{
  level: 'debug',
  message: 'findById',
  response: {
    carts: [],
    _id: new ObjectId("64077e38c0576251242cc910"),
    nombre: 'Gandalf ',
    apellido: 'The GRay',
    edad: 1000,
    phone: '21212121',
    avatar: '/images/1678212664103.jpg',
    username: 'gandalf',
    password: '$2b$10$Ucd4ZAGeix6xKYIIcZb99OYN1pcqVmjWbcrYZv99fU75cQQphgqHy',
    isVerified: true,
    __v: 0
  },
  label: 'Logged by passport-fast-config',
  timestamp: '2023-04-03T14:41:54.191Z'
}
{
  level: 'debug',
  message: 'findById',
  response: null,
  label: 'Logged by passport-fast-config',
  timestamp: '2023-04-03T14:41:54.268Z'
}
{
  message: {
    level: 'debug',
    model1: Model { localCollection },
    model2: Model { goaCollection }
  },
  level: 'debug',
  label: 'Logged by passport-fast-config',
  timestamp: '2023-04-03T14:41:54.269Z'
}
{
  level: 'debug',
  message: 'findById',
  response: {
    carts: [],
    _id: new ObjectId("64077e38c0576251242cc910"),
    nombre: 'Gandalf ',
    apellido: 'The GRay',
    edad: 1000,
    phone: '21212121',
    avatar: '/images/1678212664103.jpg',
    username: 'gandalf',
    password: '$2b$10$Ucd4ZAGeix6xKYIIcZb99OYN1pcqVmjWbcrYZv99fU75cQQphgqHy',
    isVerified: true,
    __v: 0
  },
  label: 'Logged by passport-fast-config',
  timestamp: '2023-04-03T14:41:54.337Z'
}
{
  level: 'debug',
  message: 'findById',
  response: null,
  label: 'Logged by passport-fast-config',
  timestamp: '2023-04-03T14:41:54.399Z'
}
{
  message: {
    level: 'debug',
    model: Model { localCollection },
    schemaType: 'localSchema'
  },
  level: 'debug',
  label: 'Logged by passport-fast-config',
  timestamp: '2023-04-03T14:42:29.774Z'
}
{
  message: {
    level: 'debug',
    model: Model { goaCollection },
    schemaType: 'goaSchema'
  },
  level: 'debug',
  label: 'Logged by passport-fast-config',
  timestamp: '2023-04-03T14:42:29.784Z'
}
{
  level: 'debug',
  message: 'Login Local Strategy',
  label: 'Logged by passport-fast-config',
  timestamp: '2023-04-03T14:42:42.435Z'
}
{
  level: 'debug',
  message: 'findByUserName',
  response: {
    carts: [],
    _id: new ObjectId("64077e38c0576251242cc910"),
    nombre: 'Gandalf ',
    apellido: 'The GRay',
    edad: 1000,
    phone: '21212121',
    avatar: '/images/1678212664103.jpg',
    username: 'gandalf',
    password: '$2b$10$Ucd4ZAGeix6xKYIIcZb99OYN1pcqVmjWbcrYZv99fU75cQQphgqHy',
    isVerified: true,
    __v: 0
  },
  label: 'Logged by passport-fast-config',
  timestamp: '2023-04-03T14:42:42.531Z'
}
{
  level: 'debug',
  message: 'Login User Data',
  data: {
    carts: [],
    _id: new ObjectId("64077e38c0576251242cc910"),
    nombre: 'Gandalf ',
    apellido: 'The GRay',
    edad: 1000,
    phone: '21212121',
    avatar: '/images/1678212664103.jpg',
    username: 'gandalf',
    password: '$2b$10$Ucd4ZAGeix6xKYIIcZb99OYN1pcqVmjWbcrYZv99fU75cQQphgqHy',
    isVerified: true,
    __v: 0
  },
  label: 'Logged by passport-fast-config',
  timestamp: '2023-04-03T14:42:42.536Z'
}
{
  message: {
    level: 'debug',
    model1: Model { localCollection },
    model2: Model { goaCollection }
  },
  level: 'debug',
  label: 'Logged by passport-fast-config',
  timestamp: '2023-04-03T14:42:43.038Z'
}
{
  level: 'debug',
  message: 'findById',
  response: {
    carts: [],
    _id: new ObjectId("64077e38c0576251242cc910"),
    nombre: 'Gandalf ',
    apellido: 'The GRay',
    edad: 1000,
    phone: '21212121',
    avatar: '/images/1678212664103.jpg',
    username: 'gandalf',
    password: '$2b$10$Ucd4ZAGeix6xKYIIcZb99OYN1pcqVmjWbcrYZv99fU75cQQphgqHy',
    isVerified: true,
    __v: 0
  },
  label: 'Logged by passport-fast-config',
  timestamp: '2023-04-03T14:42:43.108Z'
}
{
  level: 'debug',
  message: 'findById',
  response: null,
  label: 'Logged by passport-fast-config',
  timestamp: '2023-04-03T14:42:43.213Z'
}
{
  message: {
    level: 'debug',
    model1: Model { localCollection },
    model2: Model { goaCollection }
  },
  level: 'debug',
  label: 'Logged by passport-fast-config',
  timestamp: '2023-04-03T14:42:43.231Z'
}
{
  level: 'debug',
  message: 'findById',
  response: {
    carts: [],
    _id: new ObjectId("64077e38c0576251242cc910"),
    nombre: 'Gandalf ',
    apellido: 'The GRay',
    edad: 1000,
    phone: '21212121',
    avatar: '/images/1678212664103.jpg',
    username: 'gandalf',
    password: '$2b$10$Ucd4ZAGeix6xKYIIcZb99OYN1pcqVmjWbcrYZv99fU75cQQphgqHy',
    isVerified: true,
    __v: 0
  },
  label: 'Logged by passport-fast-config',
  timestamp: '2023-04-03T14:42:43.347Z'
}
{
  level: 'debug',
  message: 'findById',
  response: null,
  label: 'Logged by passport-fast-config',
  timestamp: '2023-04-03T14:42:43.404Z'
}
{
  message: {
    level: 'debug',
    model: Model { localCollection },
    schemaType: 'localSchema'
  },
  level: 'debug',
  label: 'Logged by passport-fast-config',
  timestamp: '2023-04-03T14:43:25.441Z'
}
{
  message: {
    level: 'debug',
    model: Model { goaCollection },
    schemaType: 'goaSchema'
  },
  level: 'debug',
  label: 'Logged by passport-fast-config',
  timestamp: '2023-04-03T14:43:25.450Z'
}
{
  level: 'debug',
  message: 'Login Local Strategy',
  label: 'Logged by passport-fast-config',
  timestamp: '2023-04-03T14:43:37.688Z'
}
{
  level: 'debug',
  message: 'findByUserName',
  response: {
    carts: [],
    _id: new ObjectId("64077e38c0576251242cc910"),
    nombre: 'Gandalf ',
    apellido: 'The GRay',
    edad: 1000,
    phone: '21212121',
    avatar: '/images/1678212664103.jpg',
    username: 'gandalf',
    password: '$2b$10$Ucd4ZAGeix6xKYIIcZb99OYN1pcqVmjWbcrYZv99fU75cQQphgqHy',
    isVerified: true,
    __v: 0
  },
  label: 'Logged by passport-fast-config',
  timestamp: '2023-04-03T14:43:37.770Z'
}
{
  level: 'debug',
  message: 'Login User Data',
  data: {
    carts: [],
    _id: new ObjectId("64077e38c0576251242cc910"),
    nombre: 'Gandalf ',
    apellido: 'The GRay',
    edad: 1000,
    phone: '21212121',
    avatar: '/images/1678212664103.jpg',
    username: 'gandalf',
    password: '$2b$10$Ucd4ZAGeix6xKYIIcZb99OYN1pcqVmjWbcrYZv99fU75cQQphgqHy',
    isVerified: true,
    __v: 0
  },
  label: 'Logged by passport-fast-config',
  timestamp: '2023-04-03T14:43:37.771Z'
}
{
  message: {
    level: 'debug',
    model1: Model { localCollection },
    model2: Model { goaCollection }
  },
  level: 'debug',
  label: 'Logged by passport-fast-config',
  timestamp: '2023-04-03T14:43:38.066Z'
}
{
  level: 'debug',
  message: 'findById',
  response: {
    carts: [],
    _id: new ObjectId("64077e38c0576251242cc910"),
    nombre: 'Gandalf ',
    apellido: 'The GRay',
    edad: 1000,
    phone: '21212121',
    avatar: '/images/1678212664103.jpg',
    username: 'gandalf',
    password: '$2b$10$Ucd4ZAGeix6xKYIIcZb99OYN1pcqVmjWbcrYZv99fU75cQQphgqHy',
    isVerified: true,
    __v: 0
  },
  label: 'Logged by passport-fast-config',
  timestamp: '2023-04-03T14:43:38.130Z'
}
{
  level: 'debug',
  message: 'findById',
  response: null,
  label: 'Logged by passport-fast-config',
  timestamp: '2023-04-03T14:43:38.193Z'
}
{
  message: {
    level: 'debug',
    model1: Model { localCollection },
    model2: Model { goaCollection }
  },
  level: 'debug',
  label: 'Logged by passport-fast-config',
  timestamp: '2023-04-03T14:43:38.196Z'
}
{
  level: 'debug',
  message: 'findById',
  response: {
    carts: [],
    _id: new ObjectId("64077e38c0576251242cc910"),
    nombre: 'Gandalf ',
    apellido: 'The GRay',
    edad: 1000,
    phone: '21212121',
    avatar: '/images/1678212664103.jpg',
    username: 'gandalf',
    password: '$2b$10$Ucd4ZAGeix6xKYIIcZb99OYN1pcqVmjWbcrYZv99fU75cQQphgqHy',
    isVerified: true,
    __v: 0
  },
  label: 'Logged by passport-fast-config',
  timestamp: '2023-04-03T14:43:38.255Z'
}
{
  level: 'debug',
  message: 'findById',
  response: null,
  label: 'Logged by passport-fast-config',
  timestamp: '2023-04-03T14:43:38.309Z'
}
{
  message: {
    level: 'debug',
    model: Model { localCollection },
    schemaType: 'localSchema'
  },
  level: 'debug',
  label: 'Logged by passport-fast-config',
  timestamp: '2023-04-03T14:49:40.339Z'
}
{
  message: {
    level: 'debug',
    model: Model { goaCollection },
    schemaType: 'goaSchema'
  },
  level: 'debug',
  label: 'Logged by passport-fast-config',
  timestamp: '2023-04-03T14:49:40.346Z'
}
{
  level: 'debug',
  message: 'Login Local Strategy',
  label: 'Logged by passport-fast-config',
  timestamp: '2023-04-03T14:49:45.656Z'
}
{
  level: 'debug',
  message: 'findByUserName',
  response: {
    carts: [],
    _id: new ObjectId("64077e38c0576251242cc910"),
    nombre: 'Gandalf ',
    apellido: 'The GRay',
    edad: 1000,
    phone: '21212121',
    avatar: '/images/1678212664103.jpg',
    username: 'gandalf',
    password: '$2b$10$Ucd4ZAGeix6xKYIIcZb99OYN1pcqVmjWbcrYZv99fU75cQQphgqHy',
    isVerified: true,
    __v: 0
  },
  label: 'Logged by passport-fast-config',
  timestamp: '2023-04-03T14:49:45.737Z'
}
{
  level: 'debug',
  message: 'Login User Data',
  data: {
    carts: [],
    _id: new ObjectId("64077e38c0576251242cc910"),
    nombre: 'Gandalf ',
    apellido: 'The GRay',
    edad: 1000,
    phone: '21212121',
    avatar: '/images/1678212664103.jpg',
    username: 'gandalf',
    password: '$2b$10$Ucd4ZAGeix6xKYIIcZb99OYN1pcqVmjWbcrYZv99fU75cQQphgqHy',
    isVerified: true,
    __v: 0
  },
  label: 'Logged by passport-fast-config',
  timestamp: '2023-04-03T14:49:45.742Z'
}
{
  message: {
    level: 'debug',
    model1: Model { localCollection },
    model2: Model { goaCollection }
  },
  level: 'debug',
  label: 'Logged by passport-fast-config',
  timestamp: '2023-04-03T14:49:46.001Z'
}
{
  level: 'debug',
  message: 'findById',
  response: {
    carts: [],
    _id: new ObjectId("64077e38c0576251242cc910"),
    nombre: 'Gandalf ',
    apellido: 'The GRay',
    edad: 1000,
    phone: '21212121',
    avatar: '/images/1678212664103.jpg',
    username: 'gandalf',
    password: '$2b$10$Ucd4ZAGeix6xKYIIcZb99OYN1pcqVmjWbcrYZv99fU75cQQphgqHy',
    isVerified: true,
    __v: 0
  },
  label: 'Logged by passport-fast-config',
  timestamp: '2023-04-03T14:49:46.069Z'
}
{
  message: {
    level: 'debug',
    model1: Model { localCollection },
    model2: Model { goaCollection }
  },
  level: 'debug',
  label: 'Logged by passport-fast-config',
  timestamp: '2023-04-03T14:49:46.374Z'
}
{
  level: 'debug',
  message: 'findById',
  response: {
    carts: [],
    _id: new ObjectId("64077e38c0576251242cc910"),
    nombre: 'Gandalf ',
    apellido: 'The GRay',
    edad: 1000,
    phone: '21212121',
    avatar: '/images/1678212664103.jpg',
    username: 'gandalf',
    password: '$2b$10$Ucd4ZAGeix6xKYIIcZb99OYN1pcqVmjWbcrYZv99fU75cQQphgqHy',
    isVerified: true,
    __v: 0
  },
  label: 'Logged by passport-fast-config',
  timestamp: '2023-04-03T14:49:46.434Z'
}
{
  message: {
    level: 'debug',
    model1: Model { localCollection },
    model2: Model { goaCollection }
  },
  level: 'debug',
  label: 'Logged by passport-fast-config',
  timestamp: '2023-04-03T14:49:52.730Z'
}
{
  level: 'debug',
  message: 'findById',
  response: {
    carts: [],
    _id: new ObjectId("64077e38c0576251242cc910"),
    nombre: 'Gandalf ',
    apellido: 'The GRay',
    edad: 1000,
    phone: '21212121',
    avatar: '/images/1678212664103.jpg',
    username: 'gandalf',
    password: '$2b$10$Ucd4ZAGeix6xKYIIcZb99OYN1pcqVmjWbcrYZv99fU75cQQphgqHy',
    isVerified: true,
    __v: 0
  },
  label: 'Logged by passport-fast-config',
  timestamp: '2023-04-03T14:49:52.783Z'
}
{
  level: 'debug',
  message: 'findByUserName',
  response: {
    _id: new ObjectId("642a070da1d8754675757845"),
    avatar: 'https://lh3.googleusercontent.com/a/AGNmyxZicb7GRxxZ2F4v1VhYjV6SF75qstjVOFJ0fVOocg=s96-c',
    carts: [],
    username: 'aabadin@gmail.com',
    name: 'Adrian',
    age: 42,
    birthdays: 1980-08-11T03:00:00.000Z,
    genders: 'male',
    organizations: [
      {
        metadata: {
          primary: true,
          source: { type: 'PROFILE', id: '106124197220253993275' }
        },
        type: 'school',
        formattedType: 'School',
        name: 'UBA'
      },
      {
        metadata: { source: { type: 'PROFILE', id: '106124197220253993275' } },
        type: 'school',
        formattedType: 'School',
        startDate: { year: 2008, month: 1, day: 1 },
        endDate: { year: 2011, month: 1, day: 1 },
        name: 'Colegio de Medicos Distrito III',
        title: 'Medico Legista'
      },
      {
        metadata: { source: { type: 'PROFILE', id: '106124197220253993275' } },
        type: 'work',
        formattedType: 'Work',
        startDate: { year: 2011, month: 1, day: 1 },
        endDate: { year: 2011, month: 1, day: 1 },
        current: true,
        name: 'Grupo Ayuda Medica',
        title: 'Medico'
      },
      {
        metadata: { source: { type: 'PROFILE', id: '106124197220253993275' } },
        type: 'work',
        formattedType: 'Work',
        endDate: { year: 2011, month: 1, day: 1 },
        current: true,
        name: 'CPMG SA'
      },
      {
        metadata: { source: { type: 'PROFILE', id: '106124197220253993275' } },
        type: 'work',
        formattedType: 'Work',
        startDate: { year: 2009, month: 1, day: 1 },
        endDate: { year: 2010, month: 1, day: 1 },
        name: 'Bridgestone SAIC',
        title: 'Medico'
      }
    ],
    __v: 0
  },
  label: 'Logged by passport-fast-config',
  timestamp: '2023-04-03T14:50:04.840Z'
}
{
  message: {
    level: 'debug',
    method: 'Login and Register GoogleoAuth',
    data: {
      _id: new ObjectId("642a070da1d8754675757845"),
      avatar: 'https://lh3.googleusercontent.com/a/AGNmyxZicb7GRxxZ2F4v1VhYjV6SF75qstjVOFJ0fVOocg=s96-c',
      carts: [],
      username: 'aabadin@gmail.com',
      name: 'Adrian',
      age: 42,
      birthdays: 1980-08-11T03:00:00.000Z,
      genders: 'male',
      organizations: [
        {
          metadata: {
            primary: true,
            source: { type: 'PROFILE', id: '106124197220253993275' }
          },
          type: 'school',
          formattedType: 'School',
          name: 'UBA'
        },
        {
          metadata: { source: { type: 'PROFILE', id: '106124197220253993275' } },
          type: 'school',
          formattedType: 'School',
          startDate: { year: 2008, month: 1, day: 1 },
          endDate: { year: 2011, month: 1, day: 1 },
          name: 'Colegio de Medicos Distrito III',
          title: 'Medico Legista'
        },
        {
          metadata: { source: { type: 'PROFILE', id: '106124197220253993275' } },
          type: 'work',
          formattedType: 'Work',
          startDate: { year: 2011, month: 1, day: 1 },
          endDate: { year: 2011, month: 1, day: 1 },
          current: true,
          name: 'Grupo Ayuda Medica',
          title: 'Medico'
        },
        {
          metadata: { source: { type: 'PROFILE', id: '106124197220253993275' } },
          type: 'work',
          formattedType: 'Work',
          endDate: { year: 2011, month: 1, day: 1 },
          current: true,
          name: 'CPMG SA'
        },
        {
          metadata: { source: { type: 'PROFILE', id: '106124197220253993275' } },
          type: 'work',
          formattedType: 'Work',
          startDate: { year: 2009, month: 1, day: 1 },
          endDate: { year: 2010, month: 1, day: 1 },
          name: 'Bridgestone SAIC',
          title: 'Medico'
        }
      ],
      __v: 0
    }
  },
  level: 'debug',
  label: 'Logged by passport-fast-config',
  timestamp: '2023-04-03T14:50:04.846Z'
}
{
  message: {
    level: 'debug',
    model1: Model { localCollection },
    model2: Model { goaCollection }
  },
  level: 'debug',
  label: 'Logged by passport-fast-config',
  timestamp: '2023-04-03T14:50:05.032Z'
}
{
  level: 'debug',
  message: 'findById',
  response: null,
  label: 'Logged by passport-fast-config',
  timestamp: '2023-04-03T14:50:05.083Z'
}
{
  level: 'debug',
  message: 'findById',
  response: {
    _id: new ObjectId("642a070da1d8754675757845"),
    avatar: 'https://lh3.googleusercontent.com/a/AGNmyxZicb7GRxxZ2F4v1VhYjV6SF75qstjVOFJ0fVOocg=s96-c',
    carts: [],
    username: 'aabadin@gmail.com',
    name: 'Adrian',
    age: 42,
    birthdays: 1980-08-11T03:00:00.000Z,
    genders: 'male',
    organizations: [
      {
        metadata: {
          primary: true,
          source: { type: 'PROFILE', id: '106124197220253993275' }
        },
        type: 'school',
        formattedType: 'School',
        name: 'UBA'
      },
      {
        metadata: { source: { type: 'PROFILE', id: '106124197220253993275' } },
        type: 'school',
        formattedType: 'School',
        startDate: { year: 2008, month: 1, day: 1 },
        endDate: { year: 2011, month: 1, day: 1 },
        name: 'Colegio de Medicos Distrito III',
        title: 'Medico Legista'
      },
      {
        metadata: { source: { type: 'PROFILE', id: '106124197220253993275' } },
        type: 'work',
        formattedType: 'Work',
        startDate: { year: 2011, month: 1, day: 1 },
        endDate: { year: 2011, month: 1, day: 1 },
        current: true,
        name: 'Grupo Ayuda Medica',
        title: 'Medico'
      },
      {
        metadata: { source: { type: 'PROFILE', id: '106124197220253993275' } },
        type: 'work',
        formattedType: 'Work',
        endDate: { year: 2011, month: 1, day: 1 },
        current: true,
        name: 'CPMG SA'
      },
      {
        metadata: { source: { type: 'PROFILE', id: '106124197220253993275' } },
        type: 'work',
        formattedType: 'Work',
        startDate: { year: 2009, month: 1, day: 1 },
        endDate: { year: 2010, month: 1, day: 1 },
        name: 'Bridgestone SAIC',
        title: 'Medico'
      }
    ],
    __v: 0
  },
  label: 'Logged by passport-fast-config',
  timestamp: '2023-04-03T14:50:05.136Z'
}
{
  message: {
    level: 'debug',
    model1: Model { localCollection },
    model2: Model { goaCollection }
  },
  level: 'debug',
  label: 'Logged by passport-fast-config',
  timestamp: '2023-04-03T14:50:05.369Z'
}
{
  level: 'debug',
  message: 'findById',
  response: null,
  label: 'Logged by passport-fast-config',
  timestamp: '2023-04-03T14:50:05.420Z'
}
{
  level: 'debug',
  message: 'findById',
  response: {
    _id: new ObjectId("642a070da1d8754675757845"),
    avatar: 'https://lh3.googleusercontent.com/a/AGNmyxZicb7GRxxZ2F4v1VhYjV6SF75qstjVOFJ0fVOocg=s96-c',
    carts: [],
    username: 'aabadin@gmail.com',
    name: 'Adrian',
    age: 42,
    birthdays: 1980-08-11T03:00:00.000Z,
    genders: 'male',
    organizations: [
      {
        metadata: {
          primary: true,
          source: { type: 'PROFILE', id: '106124197220253993275' }
        },
        type: 'school',
        formattedType: 'School',
        name: 'UBA'
      },
      {
        metadata: { source: { type: 'PROFILE', id: '106124197220253993275' } },
        type: 'school',
        formattedType: 'School',
        startDate: { year: 2008, month: 1, day: 1 },
        endDate: { year: 2011, month: 1, day: 1 },
        name: 'Colegio de Medicos Distrito III',
        title: 'Medico Legista'
      },
      {
        metadata: { source: { type: 'PROFILE', id: '106124197220253993275' } },
        type: 'work',
        formattedType: 'Work',
        startDate: { year: 2011, month: 1, day: 1 },
        endDate: { year: 2011, month: 1, day: 1 },
        current: true,
        name: 'Grupo Ayuda Medica',
        title: 'Medico'
      },
      {
        metadata: { source: { type: 'PROFILE', id: '106124197220253993275' } },
        type: 'work',
        formattedType: 'Work',
        endDate: { year: 2011, month: 1, day: 1 },
        current: true,
        name: 'CPMG SA'
      },
      {
        metadata: { source: { type: 'PROFILE', id: '106124197220253993275' } },
        type: 'work',
        formattedType: 'Work',
        startDate: { year: 2009, month: 1, day: 1 },
        endDate: { year: 2010, month: 1, day: 1 },
        name: 'Bridgestone SAIC',
        title: 'Medico'
      }
    ],
    __v: 0
  },
  label: 'Logged by passport-fast-config',
  timestamp: '2023-04-03T14:50:05.482Z'
}
{
  message: {
    level: 'debug',
    model: Model { localCollection },
    schemaType: 'localSchema'
  },
  level: 'debug',
  label: 'Logged by passport-fast-config',
  timestamp: '2023-04-03T14:51:53.000Z'
}
{
  message: {
    level: 'debug',
    model: Model { goaCollection },
    schemaType: 'goaSchema'
  },
  level: 'debug',
  label: 'Logged by passport-fast-config',
  timestamp: '2023-04-03T14:51:53.009Z'
}
{
  message: {
    level: 'debug',
    model1: Model { localCollection },
    model2: Model { goaCollection }
  },
  level: 'debug',
  label: 'Logged by passport-fast-config',
  timestamp: '2023-04-03T14:51:59.392Z'
}
{
  level: 'debug',
  message: 'findById',
  response: null,
  label: 'Logged by passport-fast-config',
  timestamp: '2023-04-03T14:51:59.458Z'
}
{
  level: 'debug',
  message: 'findById',
  response: {
    _id: new ObjectId("642a070da1d8754675757845"),
    avatar: 'https://lh3.googleusercontent.com/a/AGNmyxZicb7GRxxZ2F4v1VhYjV6SF75qstjVOFJ0fVOocg=s96-c',
    carts: [],
    username: 'aabadin@gmail.com',
    name: 'Adrian',
    age: 42,
    birthdays: 1980-08-11T03:00:00.000Z,
    genders: 'male',
    organizations: [
      {
        metadata: {
          primary: true,
          source: { type: 'PROFILE', id: '106124197220253993275' }
        },
        type: 'school',
        formattedType: 'School',
        name: 'UBA'
      },
      {
        metadata: { source: { type: 'PROFILE', id: '106124197220253993275' } },
        type: 'school',
        formattedType: 'School',
        startDate: { year: 2008, month: 1, day: 1 },
        endDate: { year: 2011, month: 1, day: 1 },
        name: 'Colegio de Medicos Distrito III',
        title: 'Medico Legista'
      },
      {
        metadata: { source: { type: 'PROFILE', id: '106124197220253993275' } },
        type: 'work',
        formattedType: 'Work',
        startDate: { year: 2011, month: 1, day: 1 },
        endDate: { year: 2011, month: 1, day: 1 },
        current: true,
        name: 'Grupo Ayuda Medica',
        title: 'Medico'
      },
      {
        metadata: { source: { type: 'PROFILE', id: '106124197220253993275' } },
        type: 'work',
        formattedType: 'Work',
        endDate: { year: 2011, month: 1, day: 1 },
        current: true,
        name: 'CPMG SA'
      },
      {
        metadata: { source: { type: 'PROFILE', id: '106124197220253993275' } },
        type: 'work',
        formattedType: 'Work',
        startDate: { year: 2009, month: 1, day: 1 },
        endDate: { year: 2010, month: 1, day: 1 },
        name: 'Bridgestone SAIC',
        title: 'Medico'
      }
    ],
    __v: 0
  },
  label: 'Logged by passport-fast-config',
  timestamp: '2023-04-03T14:51:59.524Z'
}
{
  message: {
    level: 'debug',
    model1: Model { localCollection },
    model2: Model { goaCollection }
  },
  level: 'debug',
  label: 'Logged by passport-fast-config',
  timestamp: '2023-04-03T14:51:59.701Z'
}
{
  level: 'debug',
  message: 'findById',
  response: null,
  label: 'Logged by passport-fast-config',
  timestamp: '2023-04-03T14:51:59.756Z'
}
{
  level: 'debug',
  message: 'findById',
  response: {
    _id: new ObjectId("642a070da1d8754675757845"),
    avatar: 'https://lh3.googleusercontent.com/a/AGNmyxZicb7GRxxZ2F4v1VhYjV6SF75qstjVOFJ0fVOocg=s96-c',
    carts: [],
    username: 'aabadin@gmail.com',
    name: 'Adrian',
    age: 42,
    birthdays: 1980-08-11T03:00:00.000Z,
    genders: 'male',
    organizations: [
      {
        metadata: {
          primary: true,
          source: { type: 'PROFILE', id: '106124197220253993275' }
        },
        type: 'school',
        formattedType: 'School',
        name: 'UBA'
      },
      {
        metadata: { source: { type: 'PROFILE', id: '106124197220253993275' } },
        type: 'school',
        formattedType: 'School',
        startDate: { year: 2008, month: 1, day: 1 },
        endDate: { year: 2011, month: 1, day: 1 },
        name: 'Colegio de Medicos Distrito III',
        title: 'Medico Legista'
      },
      {
        metadata: { source: { type: 'PROFILE', id: '106124197220253993275' } },
        type: 'work',
        formattedType: 'Work',
        startDate: { year: 2011, month: 1, day: 1 },
        endDate: { year: 2011, month: 1, day: 1 },
        current: true,
        name: 'Grupo Ayuda Medica',
        title: 'Medico'
      },
      {
        metadata: { source: { type: 'PROFILE', id: '106124197220253993275' } },
        type: 'work',
        formattedType: 'Work',
        endDate: { year: 2011, month: 1, day: 1 },
        current: true,
        name: 'CPMG SA'
      },
      {
        metadata: { source: { type: 'PROFILE', id: '106124197220253993275' } },
        type: 'work',
        formattedType: 'Work',
        startDate: { year: 2009, month: 1, day: 1 },
        endDate: { year: 2010, month: 1, day: 1 },
        name: 'Bridgestone SAIC',
        title: 'Medico'
      }
    ],
    __v: 0
  },
  label: 'Logged by passport-fast-config',
  timestamp: '2023-04-03T14:51:59.843Z'
}
{
  message: {
    level: 'debug',
    model1: Model { localCollection },
    model2: Model { goaCollection }
  },
  level: 'debug',
  label: 'Logged by passport-fast-config',
  timestamp: '2023-04-03T14:52:04.148Z'
}
{
  level: 'debug',
  message: 'findById',
  response: null,
  label: 'Logged by passport-fast-config',
  timestamp: '2023-04-03T14:52:04.210Z'
}
{
  level: 'debug',
  message: 'findById',
  response: {
    _id: new ObjectId("642a070da1d8754675757845"),
    avatar: 'https://lh3.googleusercontent.com/a/AGNmyxZicb7GRxxZ2F4v1VhYjV6SF75qstjVOFJ0fVOocg=s96-c',
    carts: [],
    username: 'aabadin@gmail.com',
    name: 'Adrian',
    age: 42,
    birthdays: 1980-08-11T03:00:00.000Z,
    genders: 'male',
    organizations: [
      {
        metadata: {
          primary: true,
          source: { type: 'PROFILE', id: '106124197220253993275' }
        },
        type: 'school',
        formattedType: 'School',
        name: 'UBA'
      },
      {
        metadata: { source: { type: 'PROFILE', id: '106124197220253993275' } },
        type: 'school',
        formattedType: 'School',
        startDate: { year: 2008, month: 1, day: 1 },
        endDate: { year: 2011, month: 1, day: 1 },
        name: 'Colegio de Medicos Distrito III',
        title: 'Medico Legista'
      },
      {
        metadata: { source: { type: 'PROFILE', id: '106124197220253993275' } },
        type: 'work',
        formattedType: 'Work',
        startDate: { year: 2011, month: 1, day: 1 },
        endDate: { year: 2011, month: 1, day: 1 },
        current: true,
        name: 'Grupo Ayuda Medica',
        title: 'Medico'
      },
      {
        metadata: { source: { type: 'PROFILE', id: '106124197220253993275' } },
        type: 'work',
        formattedType: 'Work',
        endDate: { year: 2011, month: 1, day: 1 },
        current: true,
        name: 'CPMG SA'
      },
      {
        metadata: { source: { type: 'PROFILE', id: '106124197220253993275' } },
        type: 'work',
        formattedType: 'Work',
        startDate: { year: 2009, month: 1, day: 1 },
        endDate: { year: 2010, month: 1, day: 1 },
        name: 'Bridgestone SAIC',
        title: 'Medico'
      }
    ],
    __v: 0
  },
  label: 'Logged by passport-fast-config',
  timestamp: '2023-04-03T14:52:04.264Z'
}
{
  level: 'debug',
  message: 'Login Local Strategy',
  label: 'Logged by passport-fast-config',
  timestamp: '2023-04-03T14:52:04.268Z'
}
{
  level: 'debug',
  message: 'findByUserName',
  response: {
    carts: [],
    _id: new ObjectId("64077e38c0576251242cc910"),
    nombre: 'Gandalf ',
    apellido: 'The GRay',
    edad: 1000,
    phone: '21212121',
    avatar: '/images/1678212664103.jpg',
    username: 'gandalf',
    password: '$2b$10$Ucd4ZAGeix6xKYIIcZb99OYN1pcqVmjWbcrYZv99fU75cQQphgqHy',
    isVerified: true,
    __v: 0
  },
  label: 'Logged by passport-fast-config',
  timestamp: '2023-04-03T14:52:04.324Z'
}
{
  level: 'debug',
  message: 'Login User Data',
  data: {
    carts: [],
    _id: new ObjectId("64077e38c0576251242cc910"),
    nombre: 'Gandalf ',
    apellido: 'The GRay',
    edad: 1000,
    phone: '21212121',
    avatar: '/images/1678212664103.jpg',
    username: 'gandalf',
    password: '$2b$10$Ucd4ZAGeix6xKYIIcZb99OYN1pcqVmjWbcrYZv99fU75cQQphgqHy',
    isVerified: true,
    __v: 0
  },
  label: 'Logged by passport-fast-config',
  timestamp: '2023-04-03T14:52:04.325Z'
}
{
  message: {
    level: 'debug',
    model1: Model { localCollection },
    model2: Model { goaCollection }
  },
  level: 'debug',
  label: 'Logged by passport-fast-config',
  timestamp: '2023-04-03T14:52:04.908Z'
}
{
  level: 'debug',
  message: 'findById',
  response: {
    carts: [],
    _id: new ObjectId("64077e38c0576251242cc910"),
    nombre: 'Gandalf ',
    apellido: 'The GRay',
    edad: 1000,
    phone: '21212121',
    avatar: '/images/1678212664103.jpg',
    username: 'gandalf',
    password: '$2b$10$Ucd4ZAGeix6xKYIIcZb99OYN1pcqVmjWbcrYZv99fU75cQQphgqHy',
    isVerified: true,
    __v: 0
  },
  label: 'Logged by passport-fast-config',
  timestamp: '2023-04-03T14:52:04.972Z'
}
{
  message: {
    level: 'debug',
    model1: Model { localCollection },
    model2: Model { goaCollection }
  },
  level: 'debug',
  label: 'Logged by passport-fast-config',
  timestamp: '2023-04-03T14:52:05.280Z'
}
{
  level: 'debug',
  message: 'findById',
  response: {
    carts: [],
    _id: new ObjectId("64077e38c0576251242cc910"),
    nombre: 'Gandalf ',
    apellido: 'The GRay',
    edad: 1000,
    phone: '21212121',
    avatar: '/images/1678212664103.jpg',
    username: 'gandalf',
    password: '$2b$10$Ucd4ZAGeix6xKYIIcZb99OYN1pcqVmjWbcrYZv99fU75cQQphgqHy',
    isVerified: true,
    __v: 0
  },
  label: 'Logged by passport-fast-config',
  timestamp: '2023-04-03T14:52:05.348Z'
}
{
  message: {
    level: 'debug',
    model1: Model { localCollection },
    model2: Model { goaCollection }
  },
  level: 'debug',
  label: 'Logged by passport-fast-config',
  timestamp: '2023-04-03T14:52:07.755Z'
}
{
  level: 'debug',
  message: 'findById',
  response: {
    carts: [],
    _id: new ObjectId("64077e38c0576251242cc910"),
    nombre: 'Gandalf ',
    apellido: 'The GRay',
    edad: 1000,
    phone: '21212121',
    avatar: '/images/1678212664103.jpg',
    username: 'gandalf',
    password: '$2b$10$Ucd4ZAGeix6xKYIIcZb99OYN1pcqVmjWbcrYZv99fU75cQQphgqHy',
    isVerified: true,
    __v: 0
  },
  label: 'Logged by passport-fast-config',
  timestamp: '2023-04-03T14:52:07.819Z'
}
{
  level: 'debug',
  message: 'findByUserName',
  response: {
    _id: new ObjectId("642a070da1d8754675757845"),
    avatar: 'https://lh3.googleusercontent.com/a/AGNmyxZicb7GRxxZ2F4v1VhYjV6SF75qstjVOFJ0fVOocg=s96-c',
    carts: [],
    username: 'aabadin@gmail.com',
    name: 'Adrian',
    age: 42,
    birthdays: 1980-08-11T03:00:00.000Z,
    genders: 'male',
    organizations: [
      {
        metadata: {
          primary: true,
          source: { type: 'PROFILE', id: '106124197220253993275' }
        },
        type: 'school',
        formattedType: 'School',
        name: 'UBA'
      },
      {
        metadata: { source: { type: 'PROFILE', id: '106124197220253993275' } },
        type: 'school',
        formattedType: 'School',
        startDate: { year: 2008, month: 1, day: 1 },
        endDate: { year: 2011, month: 1, day: 1 },
        name: 'Colegio de Medicos Distrito III',
        title: 'Medico Legista'
      },
      {
        metadata: { source: { type: 'PROFILE', id: '106124197220253993275' } },
        type: 'work',
        formattedType: 'Work',
        startDate: { year: 2011, month: 1, day: 1 },
        endDate: { year: 2011, month: 1, day: 1 },
        current: true,
        name: 'Grupo Ayuda Medica',
        title: 'Medico'
      },
      {
        metadata: { source: { type: 'PROFILE', id: '106124197220253993275' } },
        type: 'work',
        formattedType: 'Work',
        endDate: { year: 2011, month: 1, day: 1 },
        current: true,
        name: 'CPMG SA'
      },
      {
        metadata: { source: { type: 'PROFILE', id: '106124197220253993275' } },
        type: 'work',
        formattedType: 'Work',
        startDate: { year: 2009, month: 1, day: 1 },
        endDate: { year: 2010, month: 1, day: 1 },
        name: 'Bridgestone SAIC',
        title: 'Medico'
      }
    ],
    __v: 0
  },
  label: 'Logged by passport-fast-config',
  timestamp: '2023-04-03T14:52:16.347Z'
}
{
  message: {
    level: 'debug',
    method: 'Login and Register GoogleoAuth',
    data: {
      _id: new ObjectId("642a070da1d8754675757845"),
      avatar: 'https://lh3.googleusercontent.com/a/AGNmyxZicb7GRxxZ2F4v1VhYjV6SF75qstjVOFJ0fVOocg=s96-c',
      carts: [],
      username: 'aabadin@gmail.com',
      name: 'Adrian',
      age: 42,
      birthdays: 1980-08-11T03:00:00.000Z,
      genders: 'male',
      organizations: [
        {
          metadata: {
            primary: true,
            source: { type: 'PROFILE', id: '106124197220253993275' }
          },
          type: 'school',
          formattedType: 'School',
          name: 'UBA'
        },
        {
          metadata: { source: { type: 'PROFILE', id: '106124197220253993275' } },
          type: 'school',
          formattedType: 'School',
          startDate: { year: 2008, month: 1, day: 1 },
          endDate: { year: 2011, month: 1, day: 1 },
          name: 'Colegio de Medicos Distrito III',
          title: 'Medico Legista'
        },
        {
          metadata: { source: { type: 'PROFILE', id: '106124197220253993275' } },
          type: 'work',
          formattedType: 'Work',
          startDate: { year: 2011, month: 1, day: 1 },
          endDate: { year: 2011, month: 1, day: 1 },
          current: true,
          name: 'Grupo Ayuda Medica',
          title: 'Medico'
        },
        {
          metadata: { source: { type: 'PROFILE', id: '106124197220253993275' } },
          type: 'work',
          formattedType: 'Work',
          endDate: { year: 2011, month: 1, day: 1 },
          current: true,
          name: 'CPMG SA'
        },
        {
          metadata: { source: { type: 'PROFILE', id: '106124197220253993275' } },
          type: 'work',
          formattedType: 'Work',
          startDate: { year: 2009, month: 1, day: 1 },
          endDate: { year: 2010, month: 1, day: 1 },
          name: 'Bridgestone SAIC',
          title: 'Medico'
        }
      ],
      __v: 0
    }
  },
  level: 'debug',
  label: 'Logged by passport-fast-config',
  timestamp: '2023-04-03T14:52:16.350Z'
}
{
  message: {
    level: 'debug',
    model1: Model { localCollection },
    model2: Model { goaCollection }
  },
  level: 'debug',
  label: 'Logged by passport-fast-config',
  timestamp: '2023-04-03T14:52:16.626Z'
}
{
  level: 'debug',
  message: 'findById',
  response: null,
  label: 'Logged by passport-fast-config',
  timestamp: '2023-04-03T14:52:16.680Z'
}
{
  level: 'debug',
  message: 'findById',
  response: {
    _id: new ObjectId("642a070da1d8754675757845"),
    avatar: 'https://lh3.googleusercontent.com/a/AGNmyxZicb7GRxxZ2F4v1VhYjV6SF75qstjVOFJ0fVOocg=s96-c',
    carts: [],
    username: 'aabadin@gmail.com',
    name: 'Adrian',
    age: 42,
    birthdays: 1980-08-11T03:00:00.000Z,
    genders: 'male',
    organizations: [
      {
        metadata: {
          primary: true,
          source: { type: 'PROFILE', id: '106124197220253993275' }
        },
        type: 'school',
        formattedType: 'School',
        name: 'UBA'
      },
      {
        metadata: { source: { type: 'PROFILE', id: '106124197220253993275' } },
        type: 'school',
        formattedType: 'School',
        startDate: { year: 2008, month: 1, day: 1 },
        endDate: { year: 2011, month: 1, day: 1 },
        name: 'Colegio de Medicos Distrito III',
        title: 'Medico Legista'
      },
      {
        metadata: { source: { type: 'PROFILE', id: '106124197220253993275' } },
        type: 'work',
        formattedType: 'Work',
        startDate: { year: 2011, month: 1, day: 1 },
        endDate: { year: 2011, month: 1, day: 1 },
        current: true,
        name: 'Grupo Ayuda Medica',
        title: 'Medico'
      },
      {
        metadata: { source: { type: 'PROFILE', id: '106124197220253993275' } },
        type: 'work',
        formattedType: 'Work',
        endDate: { year: 2011, month: 1, day: 1 },
        current: true,
        name: 'CPMG SA'
      },
      {
        metadata: { source: { type: 'PROFILE', id: '106124197220253993275' } },
        type: 'work',
        formattedType: 'Work',
        startDate: { year: 2009, month: 1, day: 1 },
        endDate: { year: 2010, month: 1, day: 1 },
        name: 'Bridgestone SAIC',
        title: 'Medico'
      }
    ],
    __v: 0
  },
  label: 'Logged by passport-fast-config',
  timestamp: '2023-04-03T14:52:16.739Z'
}
{
  message: {
    level: 'debug',
    model1: Model { localCollection },
    model2: Model { goaCollection }
  },
  level: 'debug',
  label: 'Logged by passport-fast-config',
  timestamp: '2023-04-03T14:52:17.007Z'
}
{
  level: 'debug',
  message: 'findById',
  response: null,
  label: 'Logged by passport-fast-config',
  timestamp: '2023-04-03T14:52:17.060Z'
}
{
  level: 'debug',
  message: 'findById',
  response: {
    _id: new ObjectId("642a070da1d8754675757845"),
    avatar: 'https://lh3.googleusercontent.com/a/AGNmyxZicb7GRxxZ2F4v1VhYjV6SF75qstjVOFJ0fVOocg=s96-c',
    carts: [],
    username: 'aabadin@gmail.com',
    name: 'Adrian',
    age: 42,
    birthdays: 1980-08-11T03:00:00.000Z,
    genders: 'male',
    organizations: [
      {
        metadata: {
          primary: true,
          source: { type: 'PROFILE', id: '106124197220253993275' }
        },
        type: 'school',
        formattedType: 'School',
        name: 'UBA'
      },
      {
        metadata: { source: { type: 'PROFILE', id: '106124197220253993275' } },
        type: 'school',
        formattedType: 'School',
        startDate: { year: 2008, month: 1, day: 1 },
        endDate: { year: 2011, month: 1, day: 1 },
        name: 'Colegio de Medicos Distrito III',
        title: 'Medico Legista'
      },
      {
        metadata: { source: { type: 'PROFILE', id: '106124197220253993275' } },
        type: 'work',
        formattedType: 'Work',
        startDate: { year: 2011, month: 1, day: 1 },
        endDate: { year: 2011, month: 1, day: 1 },
        current: true,
        name: 'Grupo Ayuda Medica',
        title: 'Medico'
      },
      {
        metadata: { source: { type: 'PROFILE', id: '106124197220253993275' } },
        type: 'work',
        formattedType: 'Work',
        endDate: { year: 2011, month: 1, day: 1 },
        current: true,
        name: 'CPMG SA'
      },
      {
        metadata: { source: { type: 'PROFILE', id: '106124197220253993275' } },
        type: 'work',
        formattedType: 'Work',
        startDate: { year: 2009, month: 1, day: 1 },
        endDate: { year: 2010, month: 1, day: 1 },
        name: 'Bridgestone SAIC',
        title: 'Medico'
      }
    ],
    __v: 0
  },
  label: 'Logged by passport-fast-config',
  timestamp: '2023-04-03T14:52:17.126Z'
}
