{
  level: 'info',
  message: 'Connected to MongoDB',
  label: 'Logged by passport-fast-config',
  timestamp: '2023-03-14T22:38:32.967Z'
}
{
  level: 'info',
  message: 'Connected to MongoDB',
  label: 'Logged by passport-fast-config',
  timestamp: '2023-03-14T22:38:32.969Z'
}
{
  level: 'info',
  message: 'Connected to MongoDB',
  label: 'Logged by passport-fast-config',
  timestamp: '2023-03-14T22:38:32.969Z'
}
{
  level: 'info',
  message: 'Connected to MongoDB',
  label: 'Logged by passport-fast-config',
  timestamp: '2023-03-14T22:39:09.145Z'
}
{
  level: 'info',
  message: 'Connected to MongoDB',
  label: 'Logged by passport-fast-config',
  timestamp: '2023-03-14T22:39:09.145Z'
}
{
  level: 'info',
  message: 'Connected to MongoDB',
  label: 'Logged by passport-fast-config',
  timestamp: '2023-03-14T22:39:09.145Z'
}
{
  level: 'info',
  message: 'Connected to MongoDB',
  label: 'Logged by passport-fast-config',
  timestamp: '2023-03-21T04:02:26.937Z'
}
{
  level: 'info',
  message: 'Connected to MongoDB',
  label: 'Logged by passport-fast-config',
  timestamp: '2023-03-21T04:02:26.940Z'
}
{
  level: 'info',
  message: 'Connected to MongoDB',
  label: 'Logged by passport-fast-config',
  timestamp: '2023-03-21T04:02:26.942Z'
}
{
  level: 'info',
  message: 'Connected to MongoDB',
  label: 'Logged by passport-fast-config',
  timestamp: '2023-03-21T04:27:00.647Z'
}
{
  level: 'info',
  message: 'Connected to MongoDB',
  label: 'Logged by passport-fast-config',
  timestamp: '2023-03-21T04:27:00.653Z'
}
{
  level: 'info',
  message: 'Connected to MongoDB',
  label: 'Logged by passport-fast-config',
  timestamp: '2023-03-21T04:27:00.657Z'
}
{
  level: 'info',
  message: 'Connected to MongoDB',
  label: 'Logged by passport-fast-config',
  timestamp: '2023-03-21T04:31:13.206Z'
}
{
  level: 'info',
  message: 'Connected to MongoDB',
  label: 'Logged by passport-fast-config',
  timestamp: '2023-03-21T04:31:13.209Z'
}
{
  level: 'info',
  message: 'Connected to MongoDB',
  label: 'Logged by passport-fast-config',
  timestamp: '2023-03-21T04:31:13.211Z'
}
{
  level: 'info',
  message: 'Connected to MongoDB',
  label: 'Logged by passport-fast-config',
  timestamp: '2023-03-21T04:32:39.524Z'
}
{
  level: 'info',
  message: 'Connected to MongoDB',
  label: 'Logged by passport-fast-config',
  timestamp: '2023-03-21T04:32:39.529Z'
}
{
  level: 'info',
  message: 'Connected to MongoDB',
  label: 'Logged by passport-fast-config',
  timestamp: '2023-03-21T04:32:39.532Z'
}
{
  level: 'info',
  message: 'Connected to MongoDB',
  label: 'Logged by passport-fast-config',
  timestamp: '2023-03-21T04:36:09.088Z'
}
{
  level: 'info',
  message: 'Connected to MongoDB',
  label: 'Logged by passport-fast-config',
  timestamp: '2023-03-21T04:36:09.095Z'
}
{
  level: 'info',
  message: 'Connected to MongoDB',
  label: 'Logged by passport-fast-config',
  timestamp: '2023-03-21T04:36:09.100Z'
}
{
  level: 'info',
  message: 'Connected to MongoDB',
  label: 'Logged by passport-fast-config',
  timestamp: '2023-03-21T04:37:05.618Z'
}
{
  level: 'info',
  message: 'Connected to MongoDB',
  label: 'Logged by passport-fast-config',
  timestamp: '2023-03-21T04:37:05.621Z'
}
{
  level: 'info',
  message: 'Connected to MongoDB',
  label: 'Logged by passport-fast-config',
  timestamp: '2023-03-21T04:37:05.624Z'
}
{
  level: 'info',
  message: 'Connected to MongoDB',
  label: 'Logged by passport-fast-config',
  timestamp: '2023-03-21T04:56:04.032Z'
}
{
  level: 'info',
  message: 'Connected to MongoDB',
  label: 'Logged by passport-fast-config',
  timestamp: '2023-03-21T04:56:04.038Z'
}
{
  level: 'info',
  message: 'Connected to MongoDB',
  label: 'Logged by passport-fast-config',
  timestamp: '2023-03-21T04:56:04.045Z'
}
{
  level: 'info',
  message: 'Connected to MongoDB',
  label: 'Logged by passport-fast-config',
  timestamp: '2023-03-21T04:58:31.313Z'
}
{
  level: 'info',
  message: 'Connected to MongoDB',
  label: 'Logged by passport-fast-config',
  timestamp: '2023-03-21T04:58:31.316Z'
}
{
  level: 'info',
  message: 'Connected to MongoDB',
  label: 'Logged by passport-fast-config',
  timestamp: '2023-03-21T04:58:31.319Z'
}
{
  level: 'info',
  message: 'Connected to MongoDB',
  label: 'Logged by passport-fast-config',
  timestamp: '2023-03-21T05:03:02.567Z'
}
{
  level: 'info',
  message: 'Connected to MongoDB',
  label: 'Logged by passport-fast-config',
  timestamp: '2023-03-21T05:03:02.569Z'
}
{
  level: 'info',
  message: 'Connected to MongoDB',
  label: 'Logged by passport-fast-config',
  timestamp: '2023-03-21T05:03:02.571Z'
}
{
  level: 'info',
  message: 'Connected to MongoDB',
  label: 'Logged by passport-fast-config',
  timestamp: '2023-03-21T05:09:09.967Z'
}
{
  level: 'info',
  message: 'Connected to MongoDB',
  label: 'Logged by passport-fast-config',
  timestamp: '2023-03-21T05:09:09.970Z'
}
{
  level: 'info',
  message: 'Connected to MongoDB',
  label: 'Logged by passport-fast-config',
  timestamp: '2023-03-21T05:09:09.972Z'
}
{
  level: 'info',
  message: 'Connected to MongoDB',
  label: 'Logged by passport-fast-config',
  timestamp: '2023-03-21T05:09:36.345Z'
}
{
  level: 'info',
  message: 'Connected to MongoDB',
  label: 'Logged by passport-fast-config',
  timestamp: '2023-03-21T05:09:36.348Z'
}
{
  level: 'info',
  message: 'Connected to MongoDB',
  label: 'Logged by passport-fast-config',
  timestamp: '2023-03-21T05:09:36.351Z'
}
{
  level: 'info',
  message: 'Connected to MongoDB',
  label: 'Logged by passport-fast-config',
  timestamp: '2023-03-21T05:10:25.126Z'
}
{
  level: 'info',
  message: 'Connected to MongoDB',
  label: 'Logged by passport-fast-config',
  timestamp: '2023-03-21T05:10:25.128Z'
}
{
  level: 'info',
  message: 'Connected to MongoDB',
  label: 'Logged by passport-fast-config',
  timestamp: '2023-03-21T05:10:25.132Z'
}
{
  level: 'info',
  message: 'Connected to MongoDB',
  label: 'Logged by passport-fast-config',
  timestamp: '2023-03-21T05:13:50.950Z'
}
{
  level: 'info',
  message: 'Connected to MongoDB',
  label: 'Logged by passport-fast-config',
  timestamp: '2023-03-21T05:13:50.953Z'
}
{
  level: 'info',
  message: 'Connected to MongoDB',
  label: 'Logged by passport-fast-config',
  timestamp: '2023-03-21T05:13:50.956Z'
}
{
  level: 'info',
  message: 'Connected to MongoDB',
  label: 'Logged by passport-fast-config',
  timestamp: '2023-03-21T05:15:05.698Z'
}
{
  level: 'info',
  message: 'Connected to MongoDB',
  label: 'Logged by passport-fast-config',
  timestamp: '2023-03-21T05:15:05.701Z'
}
{
  level: 'info',
  message: 'Connected to MongoDB',
  label: 'Logged by passport-fast-config',
  timestamp: '2023-03-21T05:15:05.703Z'
}
{
  level: 'info',
  message: 'Connected to MongoDB',
  label: 'Logged by passport-fast-config',
  timestamp: '2023-03-21T05:16:21.952Z'
}
{
  level: 'info',
  message: 'Connected to MongoDB',
  label: 'Logged by passport-fast-config',
  timestamp: '2023-03-21T05:16:21.957Z'
}
{
  level: 'info',
  message: 'Connected to MongoDB',
  label: 'Logged by passport-fast-config',
  timestamp: '2023-03-21T05:16:21.959Z'
}
{
  level: 'info',
  message: 'Connected to MongoDB',
  label: 'Logged by passport-fast-config',
  timestamp: '2023-03-21T05:23:35.158Z'
}
{
  level: 'info',
  message: 'Connected to MongoDB',
  label: 'Logged by passport-fast-config',
  timestamp: '2023-03-21T05:23:35.163Z'
}
{
  level: 'info',
  message: 'Connected to MongoDB',
  label: 'Logged by passport-fast-config',
  timestamp: '2023-03-21T05:23:35.168Z'
}
{
  level: 'info',
  message: 'Connected to MongoDB',
  label: 'Logged by passport-fast-config',
  timestamp: '2023-03-21T06:49:57.789Z'
}
{
  level: 'info',
  message: 'Connected to MongoDB',
  label: 'Logged by passport-fast-config',
  timestamp: '2023-03-21T06:49:57.791Z'
}
{
  level: 'info',
  message: 'Connected to MongoDB',
  label: 'Logged by passport-fast-config',
  timestamp: '2023-03-21T06:49:57.793Z'
}
